<?xml version="1.0" encoding="UTF-8" ?>
<testsuite tests="1" failures="0" name="com.itheima.test.ProductDaoTest" time="662.284" errors="1" skipped="0">
  <properties>
[...]
</properties>
  <testcase classname="com.itheima.test.ProductDaoTest" name="test1" time="662.284">
    <error message="nested exception is org.apache.ibatis.exceptions.PersistenceException: 
### Error querying database.  Cause: org.springframework.jdbc.CannotGetJdbcConnectionException: Failed to obtain JDBC Connection; nested exception is java.sql.SQLException: Connections could not be acquired from the underlying database!
### The error may exist in com/itheima/ssm/dao/ProductDao.java (best guess)
### The error may involve com.itheima.ssm.dao.ProductDao.findAll
### The error occurred while executing a query
### Cause: org.springframework.jdbc.CannotGetJdbcConnectionException: Failed to obtain JDBC Connection; nested exception is java.sql.SQLException: Connections could not be acquired from the underlying database!" type="org.mybatis.spring.MyBatisSystemException">org.mybatis.spring.MyBatisSystemException: nested exception is org.apache.ibatis.exceptions.PersistenceException: 
### Error querying database.  Cause: org.springframework.jdbc.CannotGetJdbcConnectionException: Failed to obtain JDBC Connection; nested exception is java.sql.SQLException: Connections could not be acquired from the underlying database!
### The error may exist in com/itheima/ssm/dao/ProductDao.java (best guess)
### The error may involve com.itheima.ssm.dao.ProductDao.findAll
### The error occurred while executing a query
### Cause: org.springframework.jdbc.CannotGetJdbcConnectionException: Failed to obtain JDBC Connection; nested exception is java.sql.SQLException: Connections could not be acquired from the underlying database!
	at org.mybatis.spring.MyBatisExceptionTranslator.translateExceptionIfPossible(MyBatisExceptionTranslator.java:79)
	at org.mybatis.spring.SqlSessionTemplate$SqlSessionInterceptor.invoke(SqlSessionTemplate.java:447)
	at com.sun.proxy.$Proxy12.selectList(Unknown Source)
	at org.mybatis.spring.SqlSessionTemplate.selectList(SqlSessionTemplate.java:231)
	at org.apache.ibatis.binding.MapperMethod.executeForMany(MapperMethod.java:137)
	at org.apache.ibatis.binding.MapperMethod.execute(MapperMethod.java:75)
	at org.apache.ibatis.binding.MapperProxy.invoke(MapperProxy.java:59)
	at com.sun.proxy.$Proxy14.findAll(Unknown Source)
	at com.itheima.test.ProductDaoTest.test1(ProductDaoTest.java:16)
	at sun.reflect.NativeMethodAccessorImpl.invoke0(Native Method)
	at sun.reflect.NativeMethodAccessorImpl.invoke(NativeMethodAccessorImpl.java:62)
	at sun.reflect.DelegatingMethodAccessorImpl.invoke(DelegatingMethodAccessorImpl.java:43)
	at java.lang.reflect.Method.invoke(Method.java:498)
	at org.junit.runners.model.FrameworkMethod$1.runReflectiveCall(FrameworkMethod.java:50)
	at org.junit.internal.runners.model.ReflectiveCallable.run(ReflectiveCallable.java:12)
	at org.junit.runners.model.FrameworkMethod.invokeExplosively(FrameworkMethod.java:47)
	at org.junit.internal.runners.statements.InvokeMethod.evaluate(InvokeMethod.java:17)
	at org.junit.runners.ParentRunner.runLeaf(ParentRunner.java:325)
	at org.junit.runners.BlockJUnit4ClassRunner.runChild(BlockJUnit4ClassRunner.java:78)
	at org.junit.runners.BlockJUnit4ClassRunner.runChild(BlockJUnit4ClassRunner.java:57)
	at org.junit.runners.ParentRunner$3.run(ParentRunner.java:290)
	at org.junit.runners.ParentRunner$1.schedule(ParentRunner.java:71)
	at org.junit.runners.ParentRunner.runChildren(ParentRunner.java:288)
	at org.junit.runners.ParentRunner.access$000(ParentRunner.java:58)
	at org.junit.runners.ParentRunner$2.evaluate(ParentRunner.java:268)
	at org.junit.runners.ParentRunner.run(ParentRunner.java:363)
	at org.apache.maven.surefire.junit4.JUnit4Provider.execute(JUnit4Provider.java:252)
	at org.apache.maven.surefire.junit4.JUnit4Provider.executeTestSet(JUnit4Provider.java:141)
	at org.apache.maven.surefire.junit4.JUnit4Provider.invoke(JUnit4Provider.java:112)
	at sun.reflect.NativeMethodAccessorImpl.invoke0(Native Method)
	at sun.reflect.NativeMethodAccessorImpl.invoke(NativeMethodAccessorImpl.java:62)
	at sun.reflect.DelegatingMethodAccessorImpl.invoke(DelegatingMethodAccessorImpl.java:43)
	at java.lang.reflect.Method.invoke(Method.java:498)
	at org.apache.maven.surefire.util.ReflectionUtils.invokeMethodWithArray(ReflectionUtils.java:189)
	at org.apache.maven.surefire.booter.ProviderFactory$ProviderProxy.invoke(ProviderFactory.java:165)
	at org.apache.maven.surefire.booter.ProviderFactory.invokeProvider(ProviderFactory.java:85)
	at org.apache.maven.surefire.booter.ForkedBooter.runSuitesInProcess(ForkedBooter.java:115)
	at org.apache.maven.surefire.booter.ForkedBooter.main(ForkedBooter.java:75)
Caused by: org.apache.ibatis.exceptions.PersistenceException: 
### Error querying database.  Cause: org.springframework.jdbc.CannotGetJdbcConnectionException: Failed to obtain JDBC Connection; nested exception is java.sql.SQLException: Connections could not be acquired from the underlying database!
### The error may exist in com/itheima/ssm/dao/ProductDao.java (best guess)
### The error may involve com.itheima.ssm.dao.ProductDao.findAll
### The error occurred while executing a query
### Cause: org.springframework.jdbc.CannotGetJdbcConnectionException: Failed to obtain JDBC Connection; nested exception is java.sql.SQLException: Connections could not be acquired from the underlying database!
	at org.apache.ibatis.exceptions.ExceptionFactory.wrapException(ExceptionFactory.java:30)
	at org.apache.ibatis.session.defaults.DefaultSqlSession.selectList(DefaultSqlSession.java:150)
	at org.apache.ibatis.session.defaults.DefaultSqlSession.selectList(DefaultSqlSession.java:141)
	at sun.reflect.NativeMethodAccessorImpl.invoke0(Native Method)
	at sun.reflect.NativeMethodAccessorImpl.invoke(NativeMethodAccessorImpl.java:62)
	at sun.reflect.DelegatingMethodAccessorImpl.invoke(DelegatingMethodAccessorImpl.java:43)
	at java.lang.reflect.Method.invoke(Method.java:498)
	at org.mybatis.spring.SqlSessionTemplate$SqlSessionInterceptor.invoke(SqlSessionTemplate.java:434)
	... 36 more
Caused by: org.springframework.jdbc.CannotGetJdbcConnectionException: Failed to obtain JDBC Connection; nested exception is java.sql.SQLException: Connections could not be acquired from the underlying database!
	at org.springframework.jdbc.datasource.DataSourceUtils.getConnection(DataSourceUtils.java:81)
	at org.mybatis.spring.transaction.SpringManagedTransaction.openConnection(SpringManagedTransaction.java:84)
	at org.mybatis.spring.transaction.SpringManagedTransaction.getConnection(SpringManagedTransaction.java:70)
	at org.apache.ibatis.executor.BaseExecutor.getConnection(BaseExecutor.java:336)
	at org.apache.ibatis.executor.SimpleExecutor.prepareStatement(SimpleExecutor.java:84)
	at org.apache.ibatis.executor.SimpleExecutor.doQuery(SimpleExecutor.java:62)
	at org.apache.ibatis.executor.BaseExecutor.queryFromDatabase(BaseExecutor.java:324)
	at org.apache.ibatis.executor.BaseExecutor.query(BaseExecutor.java:156)
	at org.apache.ibatis.executor.CachingExecutor.query(CachingExecutor.java:109)
	at org.apache.ibatis.executor.CachingExecutor.query(CachingExecutor.java:83)
	at org.apache.ibatis.session.defaults.DefaultSqlSession.selectList(DefaultSqlSession.java:148)
	... 42 more
Caused by: java.sql.SQLException: Connections could not be acquired from the underlying database!
	at com.mchange.v2.sql.SqlUtils.toSQLException(SqlUtils.java:106)
	at com.mchange.v2.c3p0.impl.C3P0PooledConnectionPool.checkoutPooledConnection(C3P0PooledConnectionPool.java:529)
	at com.mchange.v2.c3p0.impl.AbstractPoolBackedDataSource.getConnection(AbstractPoolBackedDataSource.java:128)
	at org.springframework.jdbc.datasource.DataSourceUtils.fetchConnection(DataSourceUtils.java:151)
	at org.springframework.jdbc.datasource.DataSourceUtils.doGetConnection(DataSourceUtils.java:115)
	at org.springframework.jdbc.datasource.DataSourceUtils.getConnection(DataSourceUtils.java:78)
	... 52 more
Caused by: com.mchange.v2.resourcepool.CannotAcquireResourceException: A ResourcePool could not acquire a resource from its primary factory or source.
	at com.mchange.v2.resourcepool.BasicResourcePool.awaitAvailable(BasicResourcePool.java:1319)
	at com.mchange.v2.resourcepool.BasicResourcePool.prelimCheckoutResource(BasicResourcePool.java:557)
	at com.mchange.v2.resourcepool.BasicResourcePool.checkoutResource(BasicResourcePool.java:477)
	at com.mchange.v2.c3p0.impl.C3P0PooledConnectionPool.checkoutPooledConnection(C3P0PooledConnectionPool.java:525)
	... 56 more
</error>
    <system-out>2019-07-14 14:30:36,173 0      [           main] DEBUG k.core.env.StandardEnvironment  - Adding PropertySource &apos;systemProperties&apos; with lowest search precedence
2019-07-14 14:30:36,179 6      [           main] DEBUG k.core.env.StandardEnvironment  - Adding PropertySource &apos;systemEnvironment&apos; with lowest search precedence
2019-07-14 14:30:36,181 8      [           main] DEBUG k.core.env.StandardEnvironment  - Initialized StandardEnvironment with PropertySources [MapPropertySource@1483022288 {name=&apos;systemProperties&apos;, properties={idea.version=2018.3.5, java.runtime.name=Java(TM) SE Runtime Environment, sun.boot.library.path=D:\programme\jdk1.8.0_201\jre\bin, java.vm.version=25.201-b09, java.vm.vendor=Oracle Corporation, java.vendor.url=http://java.oracle.com/, path.separator=;, java.vm.name=Java HotSpot(TM) 64-Bit Server VM, file.encoding.pkg=sun.io, user.country=CN, user.script=, sun.java.launcher=SUN_STANDARD, sun.os.patch.level=, java.vm.specification.name=Java Virtual Machine Specification, user.dir=D:\Develop\ssm\ssm-dao, java.runtime.version=1.8.0_201-b09, basedir=D:\Develop\ssm\ssm-dao, java.awt.graphicsenv=sun.awt.Win32GraphicsEnvironment, java.endorsed.dirs=D:\programme\jdk1.8.0_201\jre\lib\endorsed, os.arch=amd64, surefire.real.class.path=D:\Develop\ssm\ssm-dao\target\surefire\surefirebooter1420630116799734550.jar, java.io.tmpdir=C:\Users\theth\AppData\Local\Temp\, line.separator=
, java.vm.specification.vendor=Oracle Corporation, user.variant=, os.name=Windows 10, sun.jnu.encoding=GBK, java.library.path=D:\programme\jdk1.8.0_201\jre\bin;C:\Windows\Sun\Java\bin;C:\Windows\system32;C:\Windows;D:\programme\jdk-11.0.1\bin;D:\programme\apache-maven-3.6.0\bin;C:\Windows\system32;C:\Windows;C:\Windows\System32\Wbem;C:\Windows\System32\WindowsPowerShell\v1.0\;C:\Windows\System32\OpenSSH\;D:\programme\bin;D:\programme\MySQL\bin;D:\programme\Git\cmd;D:\programme\TortoiseGit\bin;C:\Users\theth\AppData\Local\Microsoft\WindowsApps;;., surefire.test.class.path=D:\Develop\ssm\ssm-dao\target\test-classes;D:\Develop\ssm\ssm-dao\target\classes;D:\Develop\ssm\ssm-domain\target\ssm-domain-1.0-SNAPSHOT.jar;D:\programme\apache-maven-3.6.0\mvn_repository\junit\junit\4.12\junit-4.12.jar;D:\programme\apache-maven-3.6.0\mvn_repository\org\hamcrest\hamcrest-core\1.3\hamcrest-core-1.3.jar;D:\programme\apache-maven-3.6.0\mvn_repository\org\aspectj\aspectjweaver\1.6.8\aspectjweaver-1.6.8.jar;D:\programme\apache-maven-3.6.0\mvn_repository\org\springframework\spring-aop\5.0.2.RELEASE\spring-aop-5.0.2.RELEASE.jar;D:\programme\apache-maven-3.6.0\mvn_repository\org\springframework\spring-context\5.0.2.RELEASE\spring-context-5.0.2.RELEASE.jar;D:\programme\apache-maven-3.6.0\mvn_repository\org\springframework\spring-expression\5.0.2.RELEASE\spring-expression-5.0.2.RELEASE.jar;D:\programme\apache-maven-3.6.0\mvn_repository\org\springframework\spring-context-support\5.0.2.RELEASE\spring-context-support-5.0.2.RELEASE.jar;D:\programme\apache-maven-3.6.0\mvn_repository\org\springframework\spring-web\5.0.2.RELEASE\spring-web-5.0.2.RELEASE.jar;D:\programme\apache-maven-3.6.0\mvn_repository\org\springframework\spring-orm\5.0.2.RELEASE\spring-orm-5.0.2.RELEASE.jar;D:\programme\apache-maven-3.6.0\mvn_repository\org\springframework\spring-jdbc\5.0.2.RELEASE\spring-jdbc-5.0.2.RELEASE.jar;D:\programme\apache-maven-3.6.0\mvn_repository\org\springframework\spring-beans\5.0.2.RELEASE\spring-beans-5.0.2.RELEASE.jar;D:\programme\apache-maven-3.6.0\mvn_repository\org\springframework\spring-core\5.0.2.RELEASE\spring-core-5.0.2.RELEASE.jar;D:\programme\apache-maven-3.6.0\mvn_repository\org\springframework\spring-jcl\5.0.2.RELEASE\spring-jcl-5.0.2.RELEASE.jar;D:\programme\apache-maven-3.6.0\mvn_repository\org\springframework\spring-test\5.0.2.RELEASE\spring-test-5.0.2.RELEASE.jar;D:\programme\apache-maven-3.6.0\mvn_repository\org\springframework\spring-webmvc\5.0.2.RELEASE\spring-webmvc-5.0.2.RELEASE.jar;D:\programme\apache-maven-3.6.0\mvn_repository\org\springframework\spring-tx\5.0.2.RELEASE\spring-tx-5.0.2.RELEASE.jar;D:\programme\apache-maven-3.6.0\mvn_repository\javax\servlet\javax.servlet-api\3.1.0\javax.servlet-api-3.1.0.jar;D:\programme\apache-maven-3.6.0\mvn_repository\javax\servlet\jsp\jsp-api\2.0\jsp-api-2.0.jar;D:\programme\apache-maven-3.6.0\mvn_repository\jstl\jstl\1.2\jstl-1.2.jar;D:\programme\apache-maven-3.6.0\mvn_repository\log4j\log4j\1.2.12\log4j-1.2.12.jar;D:\programme\apache-maven-3.6.0\mvn_repository\org\slf4j\slf4j-api\1.6.6\slf4j-api-1.6.6.jar;D:\programme\apache-maven-3.6.0\mvn_repository\org\slf4j\slf4j-log4j12\1.6.6\slf4j-log4j12-1.6.6.jar;D:\programme\apache-maven-3.6.0\mvn_repository\org\mybatis\mybatis\3.4.5\mybatis-3.4.5.jar;D:\programme\apache-maven-3.6.0\mvn_repository\org\mybatis\mybatis-spring\1.3.0\mybatis-spring-1.3.0.jar;D:\programme\apache-maven-3.6.0\mvn_repository\c3p0\c3p0\0.9.1.2\c3p0-0.9.1.2.jar;D:\programme\apache-maven-3.6.0\mvn_repository\com\github\pagehelper\pagehelper\5.1.2\pagehelper-5.1.2.jar;D:\programme\apache-maven-3.6.0\mvn_repository\com\github\jsqlparser\jsqlparser\1.0\jsqlparser-1.0.jar;D:\programme\apache-maven-3.6.0\mvn_repository\org\springframework\security\spring-security-web\5.0.1.RELEASE\spring-security-web-5.0.1.RELEASE.jar;D:\programme\apache-maven-3.6.0\mvn_repository\org\springframework\security\spring-security-config\5.0.1.RELEASE\spring-security-config-5.0.1.RELEASE.jar;D:\programme\apache-maven-3.6.0\mvn_repository\org\springframework\security\spring-security-core\5.0.1.RELEASE\spring-security-core-5.0.1.RELEASE.jar;D:\programme\apache-maven-3.6.0\mvn_repository\org\springframework\security\spring-security-taglibs\5.0.1.RELEASE\spring-security-taglibs-5.0.1.RELEASE.jar;D:\programme\apache-maven-3.6.0\mvn_repository\org\springframework\security\spring-security-acl\5.0.1.RELEASE\spring-security-acl-5.0.1.RELEASE.jar;D:\programme\apache-maven-3.6.0\mvn_repository\com\oracle\ojdbc14\10.2.0.4.0\ojdbc14-10.2.0.4.0.jar;D:\programme\apache-maven-3.6.0\mvn_repository\javax\annotation\jsr250-api\1.0\jsr250-api-1.0.jar;, java.specification.name=Java Platform API Specification, java.class.version=52.0, sun.management.compiler=HotSpot 64-Bit Tiered Compilers, os.version=10.0, user.home=C:\Users\theth, user.timezone=Asia/Shanghai, java.awt.printerjob=sun.awt.windows.WPrinterJob, file.encoding=GBK, java.specification.version=1.8, java.class.path=D:\Develop\ssm\ssm-dao\target\test-classes;D:\Develop\ssm\ssm-dao\target\classes;D:\Develop\ssm\ssm-domain\target\ssm-domain-1.0-SNAPSHOT.jar;D:\programme\apache-maven-3.6.0\mvn_repository\junit\junit\4.12\junit-4.12.jar;D:\programme\apache-maven-3.6.0\mvn_repository\org\hamcrest\hamcrest-core\1.3\hamcrest-core-1.3.jar;D:\programme\apache-maven-3.6.0\mvn_repository\org\aspectj\aspectjweaver\1.6.8\aspectjweaver-1.6.8.jar;D:\programme\apache-maven-3.6.0\mvn_repository\org\springframework\spring-aop\5.0.2.RELEASE\spring-aop-5.0.2.RELEASE.jar;D:\programme\apache-maven-3.6.0\mvn_repository\org\springframework\spring-context\5.0.2.RELEASE\spring-context-5.0.2.RELEASE.jar;D:\programme\apache-maven-3.6.0\mvn_repository\org\springframework\spring-expression\5.0.2.RELEASE\spring-expression-5.0.2.RELEASE.jar;D:\programme\apache-maven-3.6.0\mvn_repository\org\springframework\spring-context-support\5.0.2.RELEASE\spring-context-support-5.0.2.RELEASE.jar;D:\programme\apache-maven-3.6.0\mvn_repository\org\springframework\spring-web\5.0.2.RELEASE\spring-web-5.0.2.RELEASE.jar;D:\programme\apache-maven-3.6.0\mvn_repository\org\springframework\spring-orm\5.0.2.RELEASE\spring-orm-5.0.2.RELEASE.jar;D:\programme\apache-maven-3.6.0\mvn_repository\org\springframework\spring-jdbc\5.0.2.RELEASE\spring-jdbc-5.0.2.RELEASE.jar;D:\programme\apache-maven-3.6.0\mvn_repository\org\springframework\spring-beans\5.0.2.RELEASE\spring-beans-5.0.2.RELEASE.jar;D:\programme\apache-maven-3.6.0\mvn_repository\org\springframework\spring-core\5.0.2.RELEASE\spring-core-5.0.2.RELEASE.jar;D:\programme\apache-maven-3.6.0\mvn_repository\org\springframework\spring-jcl\5.0.2.RELEASE\spring-jcl-5.0.2.RELEASE.jar;D:\programme\apache-maven-3.6.0\mvn_repository\org\springframework\spring-test\5.0.2.RELEASE\spring-test-5.0.2.RELEASE.jar;D:\programme\apache-maven-3.6.0\mvn_repository\org\springframework\spring-webmvc\5.0.2.RELEASE\spring-webmvc-5.0.2.RELEASE.jar;D:\programme\apache-maven-3.6.0\mvn_repository\org\springframework\spring-tx\5.0.2.RELEASE\spring-tx-5.0.2.RELEASE.jar;D:\programme\apache-maven-3.6.0\mvn_repository\javax\servlet\javax.servlet-api\3.1.0\javax.servlet-api-3.1.0.jar;D:\programme\apache-maven-3.6.0\mvn_repository\javax\servlet\jsp\jsp-api\2.0\jsp-api-2.0.jar;D:\programme\apache-maven-3.6.0\mvn_repository\jstl\jstl\1.2\jstl-1.2.jar;D:\programme\apache-maven-3.6.0\mvn_repository\log4j\log4j\1.2.12\log4j-1.2.12.jar;D:\programme\apache-maven-3.6.0\mvn_repository\org\slf4j\slf4j-api\1.6.6\slf4j-api-1.6.6.jar;D:\programme\apache-maven-3.6.0\mvn_repository\org\slf4j\slf4j-log4j12\1.6.6\slf4j-log4j12-1.6.6.jar;D:\programme\apache-maven-3.6.0\mvn_repository\org\mybatis\mybatis\3.4.5\mybatis-3.4.5.jar;D:\programme\apache-maven-3.6.0\mvn_repository\org\mybatis\mybatis-spring\1.3.0\mybatis-spring-1.3.0.jar;D:\programme\apache-maven-3.6.0\mvn_repository\c3p0\c3p0\0.9.1.2\c3p0-0.9.1.2.jar;D:\programme\apache-maven-3.6.0\mvn_repository\com\github\pagehelper\pagehelper\5.1.2\pagehelper-5.1.2.jar;D:\programme\apache-maven-3.6.0\mvn_repository\com\github\jsqlparser\jsqlparser\1.0\jsqlparser-1.0.jar;D:\programme\apache-maven-3.6.0\mvn_repository\org\springframework\security\spring-security-web\5.0.1.RELEASE\spring-security-web-5.0.1.RELEASE.jar;D:\programme\apache-maven-3.6.0\mvn_repository\org\springframework\security\spring-security-config\5.0.1.RELEASE\spring-security-config-5.0.1.RELEASE.jar;D:\programme\apache-maven-3.6.0\mvn_repository\org\springframework\security\spring-security-core\5.0.1.RELEASE\spring-security-core-5.0.1.RELEASE.jar;D:\programme\apache-maven-3.6.0\mvn_repository\org\springframework\security\spring-security-taglibs\5.0.1.RELEASE\spring-security-taglibs-5.0.1.RELEASE.jar;D:\programme\apache-maven-3.6.0\mvn_repository\org\springframework\security\spring-security-acl\5.0.1.RELEASE\spring-security-acl-5.0.1.RELEASE.jar;D:\programme\apache-maven-3.6.0\mvn_repository\com\oracle\ojdbc14\10.2.0.4.0\ojdbc14-10.2.0.4.0.jar;D:\programme\apache-maven-3.6.0\mvn_repository\javax\annotation\jsr250-api\1.0\jsr250-api-1.0.jar;, user.name=theth, java.vm.specification.version=1.8, sun.java.command=D:\Develop\ssm\ssm-dao\target\surefire\surefirebooter1420630116799734550.jar D:\Develop\ssm\ssm-dao\target\surefire\surefire6122907771097880618tmp D:\Develop\ssm\ssm-dao\target\surefire\surefire_08048132332704379057tmp, java.home=D:\programme\jdk1.8.0_201\jre, sun.arch.data.model=64, user.language=zh, java.specification.vendor=Oracle Corporation, awt.toolkit=sun.awt.windows.WToolkit, java.vm.info=mixed mode, java.version=1.8.0_201, java.ext.dirs=D:\programme\jdk1.8.0_201\jre\lib\ext;C:\Windows\Sun\Java\lib\ext, sun.boot.class.path=D:\programme\jdk1.8.0_201\jre\lib\resources.jar;D:\programme\jdk1.8.0_201\jre\lib\rt.jar;D:\programme\jdk1.8.0_201\jre\lib\sunrsasign.jar;D:\programme\jdk1.8.0_201\jre\lib\jsse.jar;D:\programme\jdk1.8.0_201\jre\lib\jce.jar;D:\programme\jdk1.8.0_201\jre\lib\charsets.jar;D:\programme\jdk1.8.0_201\jre\lib\jfr.jar;D:\programme\jdk1.8.0_201\jre\classes, java.vendor=Oracle Corporation, localRepository=D:\programme\apache-maven-3.6.0\mvn_repository, file.separator=\, java.vendor.url.bug=http://bugreport.sun.com/bugreport/, sun.io.unicode.encoding=UnicodeLittle, sun.cpu.endian=little, sun.desktop=windows, sun.cpu.isalist=amd64}}, SystemEnvironmentPropertySource@1159785389 {name=&apos;systemEnvironment&apos;, properties={PATH=D:\programme\jdk-11.0.1\bin;D:\programme\apache-maven-3.6.0\bin;C:\Windows\system32;C:\Windows;C:\Windows\System32\Wbem;C:\Windows\System32\WindowsPowerShell\v1.0\;C:\Windows\System32\OpenSSH\;D:\programme\bin;D:\programme\MySQL\bin;D:\programme\Git\cmd;D:\programme\TortoiseGit\bin;C:\Users\theth\AppData\Local\Microsoft\WindowsApps;, USERDOMAIN_ROAMINGPROFILE=DESKTOP-NJBTRFO, LOCALAPPDATA=C:\Users\theth\AppData\Local, PROCESSOR_LEVEL=6, SYSTEMDRIVE=C:, COMMONPROGRAMFILES(X86)=C:\Program Files (x86)\Common Files, USERDOMAIN=DESKTOP-NJBTRFO, FPS_BROWSER_APP_PROFILE_STRING=Internet Explorer, LOGONSERVER=\\DESKTOP-NJBTRFO, JAVA_HOME=D:\programme\jdk-11.0.1, PROMPT=$P$G, SESSIONNAME=Console, ALLUSERSPROFILE=C:\ProgramData, PROGRAMFILES(X86)=C:\Program Files (x86), PROCESSOR_ARCHITECTURE=AMD64, TNS_ADMIN=D:\programme\PLSQLDeveloper\mysetting, DRIVERDATA=C:\Windows\System32\Drivers\DriverData, MAVEN_HOME=D:\programme\apache-maven-3.6.0, PROGRAMFILES=C:\Program Files, APPDATA=C:\Users\theth\AppData\Roaming, PSMODULEPATH=C:\Program Files\WindowsPowerShell\Modules;C:\Windows\system32\WindowsPowerShell\v1.0\Modules, PROGRAMW6432=C:\Program Files, PROGRAMDATA=C:\ProgramData, SYSTEMROOT=C:\Windows, USERNAME=theth, FPS_BROWSER_USER_PROFILE_STRING=Default, ONEDRIVE=C:\Users\theth\OneDrive, PATHEXT=.COM;.EXE;.BAT;.CMD;.VBS;.VBE;.JS;.JSE;.WSF;.WSH;.MSC, OS=Windows_NT, COMMONPROGRAMW6432=C:\Program Files\Common Files, COMPUTERNAME=DESKTOP-NJBTRFO, ONEDRIVECONSUMER=C:\Users\theth\OneDrive, COMMONPROGRAMFILES=C:\Program Files\Common Files, COMSPEC=C:\Windows\system32\cmd.exe, PROCESSOR_REVISION=3d04, NLS_LANG=AMERICAN_AMERICA.ZHS16GBK, WINDIR=C:\Windows, =D:=D:\Develop\ssm\ssm-dao, HOMEPATH=\Users\theth, TEMP=C:\Users\theth\AppData\Local\Temp, HOMEDRIVE=C:, PROCESSOR_IDENTIFIER=Intel64 Family 6 Model 61 Stepping 4, GenuineIntel, USERPROFILE=C:\Users\theth, TMP=C:\Users\theth\AppData\Local\Temp, PUBLIC=C:\Users\Public, NUMBER_OF_PROCESSORS=4, =::=::\}}]
2019-07-14 14:30:36,195 22     [           main] INFO  ClassPathXmlApplicationContext  - Refreshing org.springframework.context.support.ClassPathXmlApplicationContext@32e6e9c3: startup date [Sun Jul 14 14:30:36 CST 2019]; root of context hierarchy
2019-07-14 14:30:36,267 94     [           main] DEBUG k.core.env.StandardEnvironment  - Adding PropertySource &apos;systemProperties&apos; with lowest search precedence
2019-07-14 14:30:36,267 94     [           main] DEBUG k.core.env.StandardEnvironment  - Adding PropertySource &apos;systemEnvironment&apos; with lowest search precedence
2019-07-14 14:30:36,268 95     [           main] DEBUG k.core.env.StandardEnvironment  - Initialized StandardEnvironment with PropertySources [MapPropertySource@1795799895 {name=&apos;systemProperties&apos;, properties={idea.version=2018.3.5, java.runtime.name=Java(TM) SE Runtime Environment, sun.boot.library.path=D:\programme\jdk1.8.0_201\jre\bin, java.vm.version=25.201-b09, java.vm.vendor=Oracle Corporation, java.vendor.url=http://java.oracle.com/, path.separator=;, java.vm.name=Java HotSpot(TM) 64-Bit Server VM, file.encoding.pkg=sun.io, user.country=CN, user.script=, sun.java.launcher=SUN_STANDARD, sun.os.patch.level=, java.vm.specification.name=Java Virtual Machine Specification, user.dir=D:\Develop\ssm\ssm-dao, java.runtime.version=1.8.0_201-b09, basedir=D:\Develop\ssm\ssm-dao, java.awt.graphicsenv=sun.awt.Win32GraphicsEnvironment, java.endorsed.dirs=D:\programme\jdk1.8.0_201\jre\lib\endorsed, os.arch=amd64, surefire.real.class.path=D:\Develop\ssm\ssm-dao\target\surefire\surefirebooter1420630116799734550.jar, java.io.tmpdir=C:\Users\theth\AppData\Local\Temp\, line.separator=
, java.vm.specification.vendor=Oracle Corporation, user.variant=, os.name=Windows 10, sun.jnu.encoding=GBK, java.library.path=D:\programme\jdk1.8.0_201\jre\bin;C:\Windows\Sun\Java\bin;C:\Windows\system32;C:\Windows;D:\programme\jdk-11.0.1\bin;D:\programme\apache-maven-3.6.0\bin;C:\Windows\system32;C:\Windows;C:\Windows\System32\Wbem;C:\Windows\System32\WindowsPowerShell\v1.0\;C:\Windows\System32\OpenSSH\;D:\programme\bin;D:\programme\MySQL\bin;D:\programme\Git\cmd;D:\programme\TortoiseGit\bin;C:\Users\theth\AppData\Local\Microsoft\WindowsApps;;., surefire.test.class.path=D:\Develop\ssm\ssm-dao\target\test-classes;D:\Develop\ssm\ssm-dao\target\classes;D:\Develop\ssm\ssm-domain\target\ssm-domain-1.0-SNAPSHOT.jar;D:\programme\apache-maven-3.6.0\mvn_repository\junit\junit\4.12\junit-4.12.jar;D:\programme\apache-maven-3.6.0\mvn_repository\org\hamcrest\hamcrest-core\1.3\hamcrest-core-1.3.jar;D:\programme\apache-maven-3.6.0\mvn_repository\org\aspectj\aspectjweaver\1.6.8\aspectjweaver-1.6.8.jar;D:\programme\apache-maven-3.6.0\mvn_repository\org\springframework\spring-aop\5.0.2.RELEASE\spring-aop-5.0.2.RELEASE.jar;D:\programme\apache-maven-3.6.0\mvn_repository\org\springframework\spring-context\5.0.2.RELEASE\spring-context-5.0.2.RELEASE.jar;D:\programme\apache-maven-3.6.0\mvn_repository\org\springframework\spring-expression\5.0.2.RELEASE\spring-expression-5.0.2.RELEASE.jar;D:\programme\apache-maven-3.6.0\mvn_repository\org\springframework\spring-context-support\5.0.2.RELEASE\spring-context-support-5.0.2.RELEASE.jar;D:\programme\apache-maven-3.6.0\mvn_repository\org\springframework\spring-web\5.0.2.RELEASE\spring-web-5.0.2.RELEASE.jar;D:\programme\apache-maven-3.6.0\mvn_repository\org\springframework\spring-orm\5.0.2.RELEASE\spring-orm-5.0.2.RELEASE.jar;D:\programme\apache-maven-3.6.0\mvn_repository\org\springframework\spring-jdbc\5.0.2.RELEASE\spring-jdbc-5.0.2.RELEASE.jar;D:\programme\apache-maven-3.6.0\mvn_repository\org\springframework\spring-beans\5.0.2.RELEASE\spring-beans-5.0.2.RELEASE.jar;D:\programme\apache-maven-3.6.0\mvn_repository\org\springframework\spring-core\5.0.2.RELEASE\spring-core-5.0.2.RELEASE.jar;D:\programme\apache-maven-3.6.0\mvn_repository\org\springframework\spring-jcl\5.0.2.RELEASE\spring-jcl-5.0.2.RELEASE.jar;D:\programme\apache-maven-3.6.0\mvn_repository\org\springframework\spring-test\5.0.2.RELEASE\spring-test-5.0.2.RELEASE.jar;D:\programme\apache-maven-3.6.0\mvn_repository\org\springframework\spring-webmvc\5.0.2.RELEASE\spring-webmvc-5.0.2.RELEASE.jar;D:\programme\apache-maven-3.6.0\mvn_repository\org\springframework\spring-tx\5.0.2.RELEASE\spring-tx-5.0.2.RELEASE.jar;D:\programme\apache-maven-3.6.0\mvn_repository\javax\servlet\javax.servlet-api\3.1.0\javax.servlet-api-3.1.0.jar;D:\programme\apache-maven-3.6.0\mvn_repository\javax\servlet\jsp\jsp-api\2.0\jsp-api-2.0.jar;D:\programme\apache-maven-3.6.0\mvn_repository\jstl\jstl\1.2\jstl-1.2.jar;D:\programme\apache-maven-3.6.0\mvn_repository\log4j\log4j\1.2.12\log4j-1.2.12.jar;D:\programme\apache-maven-3.6.0\mvn_repository\org\slf4j\slf4j-api\1.6.6\slf4j-api-1.6.6.jar;D:\programme\apache-maven-3.6.0\mvn_repository\org\slf4j\slf4j-log4j12\1.6.6\slf4j-log4j12-1.6.6.jar;D:\programme\apache-maven-3.6.0\mvn_repository\org\mybatis\mybatis\3.4.5\mybatis-3.4.5.jar;D:\programme\apache-maven-3.6.0\mvn_repository\org\mybatis\mybatis-spring\1.3.0\mybatis-spring-1.3.0.jar;D:\programme\apache-maven-3.6.0\mvn_repository\c3p0\c3p0\0.9.1.2\c3p0-0.9.1.2.jar;D:\programme\apache-maven-3.6.0\mvn_repository\com\github\pagehelper\pagehelper\5.1.2\pagehelper-5.1.2.jar;D:\programme\apache-maven-3.6.0\mvn_repository\com\github\jsqlparser\jsqlparser\1.0\jsqlparser-1.0.jar;D:\programme\apache-maven-3.6.0\mvn_repository\org\springframework\security\spring-security-web\5.0.1.RELEASE\spring-security-web-5.0.1.RELEASE.jar;D:\programme\apache-maven-3.6.0\mvn_repository\org\springframework\security\spring-security-config\5.0.1.RELEASE\spring-security-config-5.0.1.RELEASE.jar;D:\programme\apache-maven-3.6.0\mvn_repository\org\springframework\security\spring-security-core\5.0.1.RELEASE\spring-security-core-5.0.1.RELEASE.jar;D:\programme\apache-maven-3.6.0\mvn_repository\org\springframework\security\spring-security-taglibs\5.0.1.RELEASE\spring-security-taglibs-5.0.1.RELEASE.jar;D:\programme\apache-maven-3.6.0\mvn_repository\org\springframework\security\spring-security-acl\5.0.1.RELEASE\spring-security-acl-5.0.1.RELEASE.jar;D:\programme\apache-maven-3.6.0\mvn_repository\com\oracle\ojdbc14\10.2.0.4.0\ojdbc14-10.2.0.4.0.jar;D:\programme\apache-maven-3.6.0\mvn_repository\javax\annotation\jsr250-api\1.0\jsr250-api-1.0.jar;, java.specification.name=Java Platform API Specification, java.class.version=52.0, sun.management.compiler=HotSpot 64-Bit Tiered Compilers, os.version=10.0, user.home=C:\Users\theth, user.timezone=Asia/Shanghai, java.awt.printerjob=sun.awt.windows.WPrinterJob, file.encoding=GBK, java.specification.version=1.8, java.class.path=D:\Develop\ssm\ssm-dao\target\test-classes;D:\Develop\ssm\ssm-dao\target\classes;D:\Develop\ssm\ssm-domain\target\ssm-domain-1.0-SNAPSHOT.jar;D:\programme\apache-maven-3.6.0\mvn_repository\junit\junit\4.12\junit-4.12.jar;D:\programme\apache-maven-3.6.0\mvn_repository\org\hamcrest\hamcrest-core\1.3\hamcrest-core-1.3.jar;D:\programme\apache-maven-3.6.0\mvn_repository\org\aspectj\aspectjweaver\1.6.8\aspectjweaver-1.6.8.jar;D:\programme\apache-maven-3.6.0\mvn_repository\org\springframework\spring-aop\5.0.2.RELEASE\spring-aop-5.0.2.RELEASE.jar;D:\programme\apache-maven-3.6.0\mvn_repository\org\springframework\spring-context\5.0.2.RELEASE\spring-context-5.0.2.RELEASE.jar;D:\programme\apache-maven-3.6.0\mvn_repository\org\springframework\spring-expression\5.0.2.RELEASE\spring-expression-5.0.2.RELEASE.jar;D:\programme\apache-maven-3.6.0\mvn_repository\org\springframework\spring-context-support\5.0.2.RELEASE\spring-context-support-5.0.2.RELEASE.jar;D:\programme\apache-maven-3.6.0\mvn_repository\org\springframework\spring-web\5.0.2.RELEASE\spring-web-5.0.2.RELEASE.jar;D:\programme\apache-maven-3.6.0\mvn_repository\org\springframework\spring-orm\5.0.2.RELEASE\spring-orm-5.0.2.RELEASE.jar;D:\programme\apache-maven-3.6.0\mvn_repository\org\springframework\spring-jdbc\5.0.2.RELEASE\spring-jdbc-5.0.2.RELEASE.jar;D:\programme\apache-maven-3.6.0\mvn_repository\org\springframework\spring-beans\5.0.2.RELEASE\spring-beans-5.0.2.RELEASE.jar;D:\programme\apache-maven-3.6.0\mvn_repository\org\springframework\spring-core\5.0.2.RELEASE\spring-core-5.0.2.RELEASE.jar;D:\programme\apache-maven-3.6.0\mvn_repository\org\springframework\spring-jcl\5.0.2.RELEASE\spring-jcl-5.0.2.RELEASE.jar;D:\programme\apache-maven-3.6.0\mvn_repository\org\springframework\spring-test\5.0.2.RELEASE\spring-test-5.0.2.RELEASE.jar;D:\programme\apache-maven-3.6.0\mvn_repository\org\springframework\spring-webmvc\5.0.2.RELEASE\spring-webmvc-5.0.2.RELEASE.jar;D:\programme\apache-maven-3.6.0\mvn_repository\org\springframework\spring-tx\5.0.2.RELEASE\spring-tx-5.0.2.RELEASE.jar;D:\programme\apache-maven-3.6.0\mvn_repository\javax\servlet\javax.servlet-api\3.1.0\javax.servlet-api-3.1.0.jar;D:\programme\apache-maven-3.6.0\mvn_repository\javax\servlet\jsp\jsp-api\2.0\jsp-api-2.0.jar;D:\programme\apache-maven-3.6.0\mvn_repository\jstl\jstl\1.2\jstl-1.2.jar;D:\programme\apache-maven-3.6.0\mvn_repository\log4j\log4j\1.2.12\log4j-1.2.12.jar;D:\programme\apache-maven-3.6.0\mvn_repository\org\slf4j\slf4j-api\1.6.6\slf4j-api-1.6.6.jar;D:\programme\apache-maven-3.6.0\mvn_repository\org\slf4j\slf4j-log4j12\1.6.6\slf4j-log4j12-1.6.6.jar;D:\programme\apache-maven-3.6.0\mvn_repository\org\mybatis\mybatis\3.4.5\mybatis-3.4.5.jar;D:\programme\apache-maven-3.6.0\mvn_repository\org\mybatis\mybatis-spring\1.3.0\mybatis-spring-1.3.0.jar;D:\programme\apache-maven-3.6.0\mvn_repository\c3p0\c3p0\0.9.1.2\c3p0-0.9.1.2.jar;D:\programme\apache-maven-3.6.0\mvn_repository\com\github\pagehelper\pagehelper\5.1.2\pagehelper-5.1.2.jar;D:\programme\apache-maven-3.6.0\mvn_repository\com\github\jsqlparser\jsqlparser\1.0\jsqlparser-1.0.jar;D:\programme\apache-maven-3.6.0\mvn_repository\org\springframework\security\spring-security-web\5.0.1.RELEASE\spring-security-web-5.0.1.RELEASE.jar;D:\programme\apache-maven-3.6.0\mvn_repository\org\springframework\security\spring-security-config\5.0.1.RELEASE\spring-security-config-5.0.1.RELEASE.jar;D:\programme\apache-maven-3.6.0\mvn_repository\org\springframework\security\spring-security-core\5.0.1.RELEASE\spring-security-core-5.0.1.RELEASE.jar;D:\programme\apache-maven-3.6.0\mvn_repository\org\springframework\security\spring-security-taglibs\5.0.1.RELEASE\spring-security-taglibs-5.0.1.RELEASE.jar;D:\programme\apache-maven-3.6.0\mvn_repository\org\springframework\security\spring-security-acl\5.0.1.RELEASE\spring-security-acl-5.0.1.RELEASE.jar;D:\programme\apache-maven-3.6.0\mvn_repository\com\oracle\ojdbc14\10.2.0.4.0\ojdbc14-10.2.0.4.0.jar;D:\programme\apache-maven-3.6.0\mvn_repository\javax\annotation\jsr250-api\1.0\jsr250-api-1.0.jar;, user.name=theth, java.vm.specification.version=1.8, sun.java.command=D:\Develop\ssm\ssm-dao\target\surefire\surefirebooter1420630116799734550.jar D:\Develop\ssm\ssm-dao\target\surefire\surefire6122907771097880618tmp D:\Develop\ssm\ssm-dao\target\surefire\surefire_08048132332704379057tmp, java.home=D:\programme\jdk1.8.0_201\jre, sun.arch.data.model=64, user.language=zh, java.specification.vendor=Oracle Corporation, awt.toolkit=sun.awt.windows.WToolkit, java.vm.info=mixed mode, java.version=1.8.0_201, java.ext.dirs=D:\programme\jdk1.8.0_201\jre\lib\ext;C:\Windows\Sun\Java\lib\ext, sun.boot.class.path=D:\programme\jdk1.8.0_201\jre\lib\resources.jar;D:\programme\jdk1.8.0_201\jre\lib\rt.jar;D:\programme\jdk1.8.0_201\jre\lib\sunrsasign.jar;D:\programme\jdk1.8.0_201\jre\lib\jsse.jar;D:\programme\jdk1.8.0_201\jre\lib\jce.jar;D:\programme\jdk1.8.0_201\jre\lib\charsets.jar;D:\programme\jdk1.8.0_201\jre\lib\jfr.jar;D:\programme\jdk1.8.0_201\jre\classes, java.vendor=Oracle Corporation, localRepository=D:\programme\apache-maven-3.6.0\mvn_repository, file.separator=\, java.vendor.url.bug=http://bugreport.sun.com/bugreport/, sun.io.unicode.encoding=UnicodeLittle, sun.cpu.endian=little, sun.desktop=windows, sun.cpu.isalist=amd64}}, SystemEnvironmentPropertySource@1698097425 {name=&apos;systemEnvironment&apos;, properties={PATH=D:\programme\jdk-11.0.1\bin;D:\programme\apache-maven-3.6.0\bin;C:\Windows\system32;C:\Windows;C:\Windows\System32\Wbem;C:\Windows\System32\WindowsPowerShell\v1.0\;C:\Windows\System32\OpenSSH\;D:\programme\bin;D:\programme\MySQL\bin;D:\programme\Git\cmd;D:\programme\TortoiseGit\bin;C:\Users\theth\AppData\Local\Microsoft\WindowsApps;, USERDOMAIN_ROAMINGPROFILE=DESKTOP-NJBTRFO, LOCALAPPDATA=C:\Users\theth\AppData\Local, PROCESSOR_LEVEL=6, SYSTEMDRIVE=C:, COMMONPROGRAMFILES(X86)=C:\Program Files (x86)\Common Files, USERDOMAIN=DESKTOP-NJBTRFO, FPS_BROWSER_APP_PROFILE_STRING=Internet Explorer, LOGONSERVER=\\DESKTOP-NJBTRFO, JAVA_HOME=D:\programme\jdk-11.0.1, PROMPT=$P$G, SESSIONNAME=Console, ALLUSERSPROFILE=C:\ProgramData, PROGRAMFILES(X86)=C:\Program Files (x86), PROCESSOR_ARCHITECTURE=AMD64, TNS_ADMIN=D:\programme\PLSQLDeveloper\mysetting, DRIVERDATA=C:\Windows\System32\Drivers\DriverData, MAVEN_HOME=D:\programme\apache-maven-3.6.0, PROGRAMFILES=C:\Program Files, APPDATA=C:\Users\theth\AppData\Roaming, PSMODULEPATH=C:\Program Files\WindowsPowerShell\Modules;C:\Windows\system32\WindowsPowerShell\v1.0\Modules, PROGRAMW6432=C:\Program Files, PROGRAMDATA=C:\ProgramData, SYSTEMROOT=C:\Windows, USERNAME=theth, FPS_BROWSER_USER_PROFILE_STRING=Default, ONEDRIVE=C:\Users\theth\OneDrive, PATHEXT=.COM;.EXE;.BAT;.CMD;.VBS;.VBE;.JS;.JSE;.WSF;.WSH;.MSC, OS=Windows_NT, COMMONPROGRAMW6432=C:\Program Files\Common Files, COMPUTERNAME=DESKTOP-NJBTRFO, ONEDRIVECONSUMER=C:\Users\theth\OneDrive, COMMONPROGRAMFILES=C:\Program Files\Common Files, COMSPEC=C:\Windows\system32\cmd.exe, PROCESSOR_REVISION=3d04, NLS_LANG=AMERICAN_AMERICA.ZHS16GBK, WINDIR=C:\Windows, =D:=D:\Develop\ssm\ssm-dao, HOMEPATH=\Users\theth, TEMP=C:\Users\theth\AppData\Local\Temp, HOMEDRIVE=C:, PROCESSOR_IDENTIFIER=Intel64 Family 6 Model 61 Stepping 4, GenuineIntel, USERPROFILE=C:\Users\theth, TMP=C:\Users\theth\AppData\Local\Temp, PUBLIC=C:\Users\Public, NUMBER_OF_PROCESSORS=4, =::=::\}}]
2019-07-14 14:30:36,285 112    [           main] INFO  ry.xml.XmlBeanDefinitionReader  - Loading XML bean definitions from class path resource [applicationContext-dao.xml]
2019-07-14 14:30:36,304 131    [           main] DEBUG tory.xml.DefaultDocumentLoader  - Using JAXP provider [com.sun.org.apache.xerces.internal.jaxp.DocumentBuilderFactoryImpl]
2019-07-14 14:30:36,337 164    [           main] DEBUG ry.xml.PluggableSchemaResolver  - Loading schema mappings from [META-INF/spring.schemas]
2019-07-14 14:30:36,345 172    [           main] DEBUG ry.xml.PluggableSchemaResolver  - Loaded schema mappings: {http://www.springframework.org/schema/tx/spring-tx-4.3.xsd=org/springframework/transaction/config/spring-tx.xsd, http://www.springframework.org/schema/tx/spring-tx-2.5.xsd=org/springframework/transaction/config/spring-tx.xsd, http://www.springframework.org/schema/cache/spring-cache-4.2.xsd=org/springframework/cache/config/spring-cache.xsd, http://www.springframework.org/schema/aop/spring-aop-4.1.xsd=org/springframework/aop/config/spring-aop.xsd, http://www.springframework.org/schema/context/spring-context-3.1.xsd=org/springframework/context/config/spring-context.xsd, http://www.springframework.org/schema/jdbc/spring-jdbc-4.1.xsd=org/springframework/jdbc/config/spring-jdbc.xsd, http://www.springframework.org/schema/mvc/spring-mvc-4.1.xsd=org/springframework/web/servlet/config/spring-mvc.xsd, http://www.springframework.org/schema/util/spring-util-3.0.xsd=org/springframework/beans/factory/xml/spring-util.xsd, http://www.springframework.org/schema/security/spring-security-3.0.3.xsd=org/springframework/security/config/spring-security-3.0.3.xsd, http://www.springframework.org/schema/security/spring-security-2.0.1.xsd=org/springframework/security/config/spring-security-2.0.1.xsd, http://mybatis.org/schema/mybatis-spring-1.2.xsd=org/mybatis/spring/config/mybatis-spring-1.2.xsd, http://www.springframework.org/schema/tool/spring-tool.xsd=org/springframework/beans/factory/xml/spring-tool.xsd, http://www.springframework.org/schema/aop/spring-aop-3.2.xsd=org/springframework/aop/config/spring-aop.xsd, http://www.springframework.org/schema/lang/spring-lang-4.1.xsd=org/springframework/scripting/config/spring-lang.xsd, http://www.springframework.org/schema/context/spring-context-4.0.xsd=org/springframework/context/config/spring-context.xsd, http://www.springframework.org/schema/mvc/spring-mvc-3.2.xsd=org/springframework/web/servlet/config/spring-mvc.xsd, http://www.springframework.org/schema/beans/spring-beans-4.2.xsd=org/springframework/beans/factory/xml/spring-beans.xsd, http://www.springframework.org/schema/tool/spring-tool-4.1.xsd=org/springframework/beans/factory/xml/spring-tool.xsd, http://www.springframework.org/schema/lang/spring-lang-3.2.xsd=org/springframework/scripting/config/spring-lang.xsd, http://www.springframework.org/schema/cache/spring-cache-3.2.xsd=org/springframework/cache/config/spring-cache.xsd, http://www.springframework.org/schema/jee/spring-jee-4.1.xsd=org/springframework/ejb/config/spring-jee.xsd, http://www.springframework.org/schema/jdbc/spring-jdbc-3.1.xsd=org/springframework/jdbc/config/spring-jdbc.xsd, http://www.springframework.org/schema/util/spring-util-2.0.xsd=org/springframework/beans/factory/xml/spring-util.xsd, http://www.springframework.org/schema/task/spring-task-4.2.xsd=org/springframework/scheduling/config/spring-task.xsd, http://www.springframework.org/schema/tool/spring-tool-3.2.xsd=org/springframework/beans/factory/xml/spring-tool.xsd, http://www.springframework.org/schema/context/spring-context.xsd=org/springframework/context/config/spring-context.xsd, http://www.springframework.org/schema/tx/spring-tx-4.2.xsd=org/springframework/transaction/config/spring-tx.xsd, http://www.springframework.org/schema/cache/spring-cache-4.1.xsd=org/springframework/cache/config/spring-cache.xsd, http://www.springframework.org/schema/aop/spring-aop-4.0.xsd=org/springframework/aop/config/spring-aop.xsd, http://www.springframework.org/schema/security/spring-security-2.0.xsd=org/springframework/security/config/spring-security-2.0.xsd, http://www.springframework.org/schema/jee/spring-jee-3.2.xsd=org/springframework/ejb/config/spring-jee.xsd, http://www.springframework.org/schema/context/spring-context-3.0.xsd=org/springframework/context/config/spring-context.xsd, http://www.springframework.org/schema/jdbc/spring-jdbc-4.0.xsd=org/springframework/jdbc/config/spring-jdbc.xsd, http://www.springframework.org/schema/mvc/spring-mvc-4.0.xsd=org/springframework/web/servlet/config/spring-mvc.xsd, http://www.springframework.org/schema/util/spring-util-4.3.xsd=org/springframework/beans/factory/xml/spring-util.xsd, http://www.springframework.org/schema/util/spring-util-2.5.xsd=org/springframework/beans/factory/xml/spring-util.xsd, http://www.springframework.org/schema/beans/spring-beans-3.2.xsd=org/springframework/beans/factory/xml/spring-beans.xsd, http://www.springframework.org/schema/aop/spring-aop-3.1.xsd=org/springframework/aop/config/spring-aop.xsd, http://www.springframework.org/schema/lang/spring-lang-4.0.xsd=org/springframework/scripting/config/spring-lang.xsd, http://www.springframework.org/schema/mvc/spring-mvc.xsd=org/springframework/web/servlet/config/spring-mvc.xsd, http://www.springframework.org/schema/mvc/spring-mvc-3.1.xsd=org/springframework/web/servlet/config/spring-mvc.xsd, http://www.springframework.org/schema/beans/spring-beans-4.1.xsd=org/springframework/beans/factory/xml/spring-beans.xsd, http://www.springframework.org/schema/tool/spring-tool-4.0.xsd=org/springframework/beans/factory/xml/spring-tool.xsd, http://www.springframework.org/schema/tx/spring-tx-3.2.xsd=org/springframework/transaction/config/spring-tx.xsd, http://www.springframework.org/schema/lang/spring-lang-3.1.xsd=org/springframework/scripting/config/spring-lang.xsd, http://www.springframework.org/schema/cache/spring-cache-3.1.xsd=org/springframework/cache/config/spring-cache.xsd, http://www.springframework.org/schema/jee/spring-jee-4.0.xsd=org/springframework/ejb/config/spring-jee.xsd, http://www.springframework.org/schema/jdbc/spring-jdbc-3.0.xsd=org/springframework/jdbc/config/spring-jdbc.xsd, http://www.springframework.org/schema/task/spring-task-4.1.xsd=org/springframework/scheduling/config/spring-task.xsd, http://www.springframework.org/schema/tool/spring-tool-3.1.xsd=org/springframework/beans/factory/xml/spring-tool.xsd, http://www.springframework.org/schema/jdbc/spring-jdbc.xsd=org/springframework/jdbc/config/spring-jdbc.xsd, http://www.springframework.org/schema/tx/spring-tx-4.1.xsd=org/springframework/transaction/config/spring-tx.xsd, http://www.springframework.org/schema/cache/spring-cache-4.0.xsd=org/springframework/cache/config/spring-cache.xsd, http://www.springframework.org/schema/jee/spring-jee-3.1.xsd=org/springframework/ejb/config/spring-jee.xsd, http://www.springframework.org/schema/util/spring-util-4.2.xsd=org/springframework/beans/factory/xml/spring-util.xsd, http://www.springframework.org/schema/task/spring-task-3.2.xsd=org/springframework/scheduling/config/spring-task.xsd, http://www.springframework.org/schema/beans/spring-beans-3.1.xsd=org/springframework/beans/factory/xml/spring-beans.xsd, http://www.springframework.org/schema/util/spring-util.xsd=org/springframework/beans/factory/xml/spring-util.xsd, http://www.springframework.org/schema/aop/spring-aop-3.0.xsd=org/springframework/aop/config/spring-aop.xsd, http://www.springframework.org/schema/security/spring-security-4.2.xsd=org/springframework/security/config/spring-security-4.2.xsd, http://www.springframework.org/schema/mvc/spring-mvc-3.0.xsd=org/springframework/web/servlet/config/spring-mvc.xsd, http://www.springframework.org/schema/beans/spring-beans-4.0.xsd=org/springframework/beans/factory/xml/spring-beans.xsd, http://www.springframework.org/schema/beans/spring-beans.xsd=org/springframework/beans/factory/xml/spring-beans.xsd, http://www.springframework.org/schema/security/spring-security-2.0.4.xsd=org/springframework/security/config/spring-security-2.0.4.xsd, http://mybatis.org/schema/mybatis-spring.xsd=org/mybatis/spring/config/mybatis-spring-1.2.xsd, http://www.springframework.org/schema/tx/spring-tx-3.1.xsd=org/springframework/transaction/config/spring-tx.xsd, http://www.springframework.org/schema/lang/spring-lang-3.0.xsd=org/springframework/scripting/config/spring-lang.xsd, http://www.springframework.org/schema/context/spring-context-2.5.xsd=org/springframework/context/config/spring-context.xsd, http://www.springframework.org/schema/context/spring-context-4.3.xsd=org/springframework/context/config/spring-context.xsd, http://www.springframework.org/schema/task/spring-task-4.0.xsd=org/springframework/scheduling/config/spring-task.xsd, http://www.springframework.org/schema/tool/spring-tool-3.0.xsd=org/springframework/beans/factory/xml/spring-tool.xsd, http://www.springframework.org/schema/tx/spring-tx-4.0.xsd=org/springframework/transaction/config/spring-tx.xsd, http://www.springframework.org/schema/aop/spring-aop-2.0.xsd=org/springframework/aop/config/spring-aop.xsd, http://www.springframework.org/schema/security/spring-security-3.2.xsd=org/springframework/security/config/spring-security-3.2.xsd, http://www.springframework.org/schema/jee/spring-jee-3.0.xsd=org/springframework/ejb/config/spring-jee.xsd, http://www.springframework.org/schema/util/spring-util-4.1.xsd=org/springframework/beans/factory/xml/spring-util.xsd, http://www.springframework.org/schema/task/spring-task-3.1.xsd=org/springframework/scheduling/config/spring-task.xsd, http://www.springframework.org/schema/beans/spring-beans-3.0.xsd=org/springframework/beans/factory/xml/spring-beans.xsd, http://www.springframework.org/schema/jee/spring-jee.xsd=org/springframework/ejb/config/spring-jee.xsd, http://www.springframework.org/schema/aop/spring-aop-2.5.xsd=org/springframework/aop/config/spring-aop.xsd, http://www.springframework.org/schema/aop/spring-aop-4.3.xsd=org/springframework/aop/config/spring-aop.xsd, http://www.springframework.org/schema/security/spring-security-4.1.xsd=org/springframework/security/config/spring-security-4.1.xsd, http://www.springframework.org/schema/lang/spring-lang-2.0.xsd=org/springframework/scripting/config/spring-lang.xsd, http://www.springframework.org/schema/jdbc/spring-jdbc-4.3.xsd=org/springframework/jdbc/config/spring-jdbc.xsd, http://www.springframework.org/schema/mvc/spring-mvc-4.3.xsd=org/springframework/web/servlet/config/spring-mvc.xsd, http://www.springframework.org/schema/util/spring-util-3.2.xsd=org/springframework/beans/factory/xml/spring-util.xsd, http://www.springframework.org/schema/task/spring-task.xsd=org/springframework/scheduling/config/spring-task.xsd, http://www.springframework.org/schema/tool/spring-tool-2.0.xsd=org/springframework/beans/factory/xml/spring-tool.xsd, http://www.springframework.org/schema/security/spring-security-5.0.xsd=org/springframework/security/config/spring-security-5.0.xsd, http://www.springframework.org/schema/tx/spring-tx-3.0.xsd=org/springframework/transaction/config/spring-tx.xsd, http://www.springframework.org/schema/lang/spring-lang-2.5.xsd=org/springframework/scripting/config/spring-lang.xsd, http://www.springframework.org/schema/lang/spring-lang-4.3.xsd=org/springframework/scripting/config/spring-lang.xsd, http://www.springframework.org/schema/context/spring-context-4.2.xsd=org/springframework/context/config/spring-context.xsd, http://www.springframework.org/schema/jee/spring-jee-2.0.xsd=org/springframework/ejb/config/spring-jee.xsd, http://www.springframework.org/schema/tool/spring-tool-4.3.xsd=org/springframework/beans/factory/xml/spring-tool.xsd, http://www.springframework.org/schema/tool/spring-tool-2.5.xsd=org/springframework/beans/factory/xml/spring-tool.xsd, http://www.springframework.org/schema/security/spring-security-3.1.xsd=org/springframework/security/config/spring-security-3.1.xsd, http://www.springframework.org/schema/jee/spring-jee-4.3.xsd=org/springframework/ejb/config/spring-jee.xsd, http://www.springframework.org/schema/jee/spring-jee-2.5.xsd=org/springframework/ejb/config/spring-jee.xsd, http://www.springframework.org/schema/util/spring-util-4.0.xsd=org/springframework/beans/factory/xml/spring-util.xsd, http://www.springframework.org/schema/task/spring-task-3.0.xsd=org/springframework/scheduling/config/spring-task.xsd, http://www.springframework.org/schema/cache/spring-cache-4.3.xsd=org/springframework/cache/config/spring-cache.xsd, http://www.springframework.org/schema/aop/spring-aop-4.2.xsd=org/springframework/aop/config/spring-aop.xsd, http://www.springframework.org/schema/security/spring-security-4.0.xsd=org/springframework/security/config/spring-security-4.0.xsd, http://www.springframework.org/schema/lang/spring-lang.xsd=org/springframework/scripting/config/spring-lang.xsd, http://www.springframework.org/schema/context/spring-context-3.2.xsd=org/springframework/context/config/spring-context.xsd, http://www.springframework.org/schema/jdbc/spring-jdbc-4.2.xsd=org/springframework/jdbc/config/spring-jdbc.xsd, http://www.springframework.org/schema/mvc/spring-mvc-4.2.xsd=org/springframework/web/servlet/config/spring-mvc.xsd, http://www.springframework.org/schema/util/spring-util-3.1.xsd=org/springframework/beans/factory/xml/spring-util.xsd, http://www.springframework.org/schema/beans/spring-beans-2.0.xsd=org/springframework/beans/factory/xml/spring-beans.xsd, http://www.springframework.org/schema/cache/spring-cache.xsd=org/springframework/cache/config/spring-cache.xsd, http://www.springframework.org/schema/tx/spring-tx.xsd=org/springframework/transaction/config/spring-tx.xsd, http://www.springframework.org/schema/security/spring-security-2.0.2.xsd=org/springframework/security/config/spring-security-2.0.2.xsd, http://www.springframework.org/schema/lang/spring-lang-4.2.xsd=org/springframework/scripting/config/spring-lang.xsd, http://www.springframework.org/schema/context/spring-context-4.1.xsd=org/springframework/context/config/spring-context.xsd, http://www.springframework.org/schema/beans/spring-beans-2.5.xsd=org/springframework/beans/factory/xml/spring-beans.xsd, http://www.springframework.org/schema/beans/spring-beans-4.3.xsd=org/springframework/beans/factory/xml/spring-beans.xsd, http://www.springframework.org/schema/tool/spring-tool-4.2.xsd=org/springframework/beans/factory/xml/spring-tool.xsd, http://www.springframework.org/schema/security/spring-security.xsd=org/springframework/security/config/spring-security-5.0.xsd, http://www.springframework.org/schema/tx/spring-tx-2.0.xsd=org/springframework/transaction/config/spring-tx.xsd, http://www.springframework.org/schema/security/spring-security-3.0.xsd=org/springframework/security/config/spring-security-3.0.xsd, http://www.springframework.org/schema/jee/spring-jee-4.2.xsd=org/springframework/ejb/config/spring-jee.xsd, http://www.springframework.org/schema/jdbc/spring-jdbc-3.2.xsd=org/springframework/jdbc/config/spring-jdbc.xsd, http://www.springframework.org/schema/task/spring-task-4.3.xsd=org/springframework/scheduling/config/spring-task.xsd, http://www.springframework.org/schema/aop/spring-aop.xsd=org/springframework/aop/config/spring-aop.xsd}
2019-07-14 14:30:36,352 179    [           main] DEBUG ry.xml.PluggableSchemaResolver  - Found XML schema [http://www.springframework.org/schema/beans/spring-beans.xsd] in classpath: org/springframework/beans/factory/xml/spring-beans.xsd
2019-07-14 14:30:36,444 271    [           main] DEBUG ry.xml.PluggableSchemaResolver  - Found XML schema [http://www.springframework.org/schema/context/spring-context.xsd] in classpath: org/springframework/context/config/spring-context.xsd
2019-07-14 14:30:36,455 282    [           main] DEBUG ry.xml.PluggableSchemaResolver  - Found XML schema [http://www.springframework.org/schema/tool/spring-tool.xsd] in classpath: org/springframework/beans/factory/xml/spring-tool.xsd
2019-07-14 14:30:36,482 309    [           main] DEBUG ltBeanDefinitionDocumentReader  - Loading bean definitions
2019-07-14 14:30:36,499 326    [           main] DEBUG efaultNamespaceHandlerResolver  - Loaded NamespaceHandler mappings: {http://www.springframework.org/schema/p=org.springframework.beans.factory.xml.SimplePropertyNamespaceHandler, http://www.springframework.org/schema/mvc=org.springframework.web.servlet.config.MvcNamespaceHandler, http://www.springframework.org/schema/util=org.springframework.beans.factory.xml.UtilNamespaceHandler, http://www.springframework.org/schema/jee=org.springframework.ejb.config.JeeNamespaceHandler, http://www.springframework.org/schema/aop=org.springframework.aop.config.AopNamespaceHandler, http://www.springframework.org/schema/jdbc=org.springframework.jdbc.config.JdbcNamespaceHandler, http://www.springframework.org/schema/cache=org.springframework.cache.config.CacheNamespaceHandler, http://mybatis.org/schema/mybatis-spring=org.mybatis.spring.config.NamespaceHandler, http://www.springframework.org/schema/c=org.springframework.beans.factory.xml.SimpleConstructorNamespaceHandler, http://www.springframework.org/schema/security=org.springframework.security.config.SecurityNamespaceHandler, http://www.springframework.org/schema/tx=org.springframework.transaction.config.TxNamespaceHandler, http://www.springframework.org/schema/task=org.springframework.scheduling.config.TaskNamespaceHandler, http://www.springframework.org/schema/lang=org.springframework.scripting.config.LangNamespaceHandler, http://www.springframework.org/schema/context=org.springframework.context.config.ContextNamespaceHandler}
2019-07-14 14:30:36,530 357    [           main] DEBUG l.BeanDefinitionParserDelegate  - Neither XML &apos;id&apos; nor &apos;name&apos; specified - using generated bean name [org.mybatis.spring.SqlSessionFactoryBean#0]
2019-07-14 14:30:36,530 357    [           main] DEBUG l.BeanDefinitionParserDelegate  - Neither XML &apos;id&apos; nor &apos;name&apos; specified - using generated bean name [org.mybatis.spring.mapper.MapperScannerConfigurer#0]
2019-07-14 14:30:36,531 358    [           main] DEBUG ry.xml.XmlBeanDefinitionReader  - Loaded 4 bean definitions from location pattern [applicationContext-dao.xml]
2019-07-14 14:30:36,531 358    [           main] DEBUG ClassPathXmlApplicationContext  - Bean factory for org.springframework.context.support.ClassPathXmlApplicationContext@32e6e9c3: org.springframework.beans.factory.support.DefaultListableBeanFactory@27f723: defining beans [org.springframework.context.support.PropertySourcesPlaceholderConfigurer#0,dataSource,org.mybatis.spring.SqlSessionFactoryBean#0,org.mybatis.spring.mapper.MapperScannerConfigurer#0]; root of factory hierarchy
2019-07-14 14:30:36,572 399    [           main] DEBUG ort.DefaultListableBeanFactory  - Creating shared instance of singleton bean &apos;org.mybatis.spring.mapper.MapperScannerConfigurer#0&apos;
2019-07-14 14:30:36,572 399    [           main] DEBUG ort.DefaultListableBeanFactory  - Creating instance of bean &apos;org.mybatis.spring.mapper.MapperScannerConfigurer#0&apos;
2019-07-14 14:30:36,602 429    [           main] DEBUG ort.DefaultListableBeanFactory  - Eagerly caching bean &apos;org.mybatis.spring.mapper.MapperScannerConfigurer#0&apos; to allow for resolving potential circular references
2019-07-14 14:30:36,660 487    [           main] DEBUG ort.DefaultListableBeanFactory  - Invoking afterPropertiesSet() on bean with name &apos;org.mybatis.spring.mapper.MapperScannerConfigurer#0&apos;
2019-07-14 14:30:36,661 488    [           main] DEBUG ort.DefaultListableBeanFactory  - Finished creating instance of bean &apos;org.mybatis.spring.mapper.MapperScannerConfigurer#0&apos;
2019-07-14 14:30:36,666 493    [           main] DEBUG k.core.env.StandardEnvironment  - Adding PropertySource &apos;systemProperties&apos; with lowest search precedence
2019-07-14 14:30:36,666 493    [           main] DEBUG k.core.env.StandardEnvironment  - Adding PropertySource &apos;systemEnvironment&apos; with lowest search precedence
2019-07-14 14:30:36,667 494    [           main] DEBUG k.core.env.StandardEnvironment  - Initialized StandardEnvironment with PropertySources [MapPropertySource@1691538257 {name=&apos;systemProperties&apos;, properties={idea.version=2018.3.5, java.runtime.name=Java(TM) SE Runtime Environment, sun.boot.library.path=D:\programme\jdk1.8.0_201\jre\bin, java.vm.version=25.201-b09, java.vm.vendor=Oracle Corporation, java.vendor.url=http://java.oracle.com/, path.separator=;, java.vm.name=Java HotSpot(TM) 64-Bit Server VM, file.encoding.pkg=sun.io, user.country=CN, user.script=, sun.java.launcher=SUN_STANDARD, sun.os.patch.level=, java.vm.specification.name=Java Virtual Machine Specification, user.dir=D:\Develop\ssm\ssm-dao, java.runtime.version=1.8.0_201-b09, basedir=D:\Develop\ssm\ssm-dao, java.awt.graphicsenv=sun.awt.Win32GraphicsEnvironment, java.endorsed.dirs=D:\programme\jdk1.8.0_201\jre\lib\endorsed, os.arch=amd64, surefire.real.class.path=D:\Develop\ssm\ssm-dao\target\surefire\surefirebooter1420630116799734550.jar, java.io.tmpdir=C:\Users\theth\AppData\Local\Temp\, line.separator=
, java.vm.specification.vendor=Oracle Corporation, user.variant=, os.name=Windows 10, sun.jnu.encoding=GBK, java.library.path=D:\programme\jdk1.8.0_201\jre\bin;C:\Windows\Sun\Java\bin;C:\Windows\system32;C:\Windows;D:\programme\jdk-11.0.1\bin;D:\programme\apache-maven-3.6.0\bin;C:\Windows\system32;C:\Windows;C:\Windows\System32\Wbem;C:\Windows\System32\WindowsPowerShell\v1.0\;C:\Windows\System32\OpenSSH\;D:\programme\bin;D:\programme\MySQL\bin;D:\programme\Git\cmd;D:\programme\TortoiseGit\bin;C:\Users\theth\AppData\Local\Microsoft\WindowsApps;;., surefire.test.class.path=D:\Develop\ssm\ssm-dao\target\test-classes;D:\Develop\ssm\ssm-dao\target\classes;D:\Develop\ssm\ssm-domain\target\ssm-domain-1.0-SNAPSHOT.jar;D:\programme\apache-maven-3.6.0\mvn_repository\junit\junit\4.12\junit-4.12.jar;D:\programme\apache-maven-3.6.0\mvn_repository\org\hamcrest\hamcrest-core\1.3\hamcrest-core-1.3.jar;D:\programme\apache-maven-3.6.0\mvn_repository\org\aspectj\aspectjweaver\1.6.8\aspectjweaver-1.6.8.jar;D:\programme\apache-maven-3.6.0\mvn_repository\org\springframework\spring-aop\5.0.2.RELEASE\spring-aop-5.0.2.RELEASE.jar;D:\programme\apache-maven-3.6.0\mvn_repository\org\springframework\spring-context\5.0.2.RELEASE\spring-context-5.0.2.RELEASE.jar;D:\programme\apache-maven-3.6.0\mvn_repository\org\springframework\spring-expression\5.0.2.RELEASE\spring-expression-5.0.2.RELEASE.jar;D:\programme\apache-maven-3.6.0\mvn_repository\org\springframework\spring-context-support\5.0.2.RELEASE\spring-context-support-5.0.2.RELEASE.jar;D:\programme\apache-maven-3.6.0\mvn_repository\org\springframework\spring-web\5.0.2.RELEASE\spring-web-5.0.2.RELEASE.jar;D:\programme\apache-maven-3.6.0\mvn_repository\org\springframework\spring-orm\5.0.2.RELEASE\spring-orm-5.0.2.RELEASE.jar;D:\programme\apache-maven-3.6.0\mvn_repository\org\springframework\spring-jdbc\5.0.2.RELEASE\spring-jdbc-5.0.2.RELEASE.jar;D:\programme\apache-maven-3.6.0\mvn_repository\org\springframework\spring-beans\5.0.2.RELEASE\spring-beans-5.0.2.RELEASE.jar;D:\programme\apache-maven-3.6.0\mvn_repository\org\springframework\spring-core\5.0.2.RELEASE\spring-core-5.0.2.RELEASE.jar;D:\programme\apache-maven-3.6.0\mvn_repository\org\springframework\spring-jcl\5.0.2.RELEASE\spring-jcl-5.0.2.RELEASE.jar;D:\programme\apache-maven-3.6.0\mvn_repository\org\springframework\spring-test\5.0.2.RELEASE\spring-test-5.0.2.RELEASE.jar;D:\programme\apache-maven-3.6.0\mvn_repository\org\springframework\spring-webmvc\5.0.2.RELEASE\spring-webmvc-5.0.2.RELEASE.jar;D:\programme\apache-maven-3.6.0\mvn_repository\org\springframework\spring-tx\5.0.2.RELEASE\spring-tx-5.0.2.RELEASE.jar;D:\programme\apache-maven-3.6.0\mvn_repository\javax\servlet\javax.servlet-api\3.1.0\javax.servlet-api-3.1.0.jar;D:\programme\apache-maven-3.6.0\mvn_repository\javax\servlet\jsp\jsp-api\2.0\jsp-api-2.0.jar;D:\programme\apache-maven-3.6.0\mvn_repository\jstl\jstl\1.2\jstl-1.2.jar;D:\programme\apache-maven-3.6.0\mvn_repository\log4j\log4j\1.2.12\log4j-1.2.12.jar;D:\programme\apache-maven-3.6.0\mvn_repository\org\slf4j\slf4j-api\1.6.6\slf4j-api-1.6.6.jar;D:\programme\apache-maven-3.6.0\mvn_repository\org\slf4j\slf4j-log4j12\1.6.6\slf4j-log4j12-1.6.6.jar;D:\programme\apache-maven-3.6.0\mvn_repository\org\mybatis\mybatis\3.4.5\mybatis-3.4.5.jar;D:\programme\apache-maven-3.6.0\mvn_repository\org\mybatis\mybatis-spring\1.3.0\mybatis-spring-1.3.0.jar;D:\programme\apache-maven-3.6.0\mvn_repository\c3p0\c3p0\0.9.1.2\c3p0-0.9.1.2.jar;D:\programme\apache-maven-3.6.0\mvn_repository\com\github\pagehelper\pagehelper\5.1.2\pagehelper-5.1.2.jar;D:\programme\apache-maven-3.6.0\mvn_repository\com\github\jsqlparser\jsqlparser\1.0\jsqlparser-1.0.jar;D:\programme\apache-maven-3.6.0\mvn_repository\org\springframework\security\spring-security-web\5.0.1.RELEASE\spring-security-web-5.0.1.RELEASE.jar;D:\programme\apache-maven-3.6.0\mvn_repository\org\springframework\security\spring-security-config\5.0.1.RELEASE\spring-security-config-5.0.1.RELEASE.jar;D:\programme\apache-maven-3.6.0\mvn_repository\org\springframework\security\spring-security-core\5.0.1.RELEASE\spring-security-core-5.0.1.RELEASE.jar;D:\programme\apache-maven-3.6.0\mvn_repository\org\springframework\security\spring-security-taglibs\5.0.1.RELEASE\spring-security-taglibs-5.0.1.RELEASE.jar;D:\programme\apache-maven-3.6.0\mvn_repository\org\springframework\security\spring-security-acl\5.0.1.RELEASE\spring-security-acl-5.0.1.RELEASE.jar;D:\programme\apache-maven-3.6.0\mvn_repository\com\oracle\ojdbc14\10.2.0.4.0\ojdbc14-10.2.0.4.0.jar;D:\programme\apache-maven-3.6.0\mvn_repository\javax\annotation\jsr250-api\1.0\jsr250-api-1.0.jar;, java.specification.name=Java Platform API Specification, java.class.version=52.0, sun.management.compiler=HotSpot 64-Bit Tiered Compilers, os.version=10.0, user.home=C:\Users\theth, user.timezone=Asia/Shanghai, java.awt.printerjob=sun.awt.windows.WPrinterJob, file.encoding=GBK, java.specification.version=1.8, java.class.path=D:\Develop\ssm\ssm-dao\target\test-classes;D:\Develop\ssm\ssm-dao\target\classes;D:\Develop\ssm\ssm-domain\target\ssm-domain-1.0-SNAPSHOT.jar;D:\programme\apache-maven-3.6.0\mvn_repository\junit\junit\4.12\junit-4.12.jar;D:\programme\apache-maven-3.6.0\mvn_repository\org\hamcrest\hamcrest-core\1.3\hamcrest-core-1.3.jar;D:\programme\apache-maven-3.6.0\mvn_repository\org\aspectj\aspectjweaver\1.6.8\aspectjweaver-1.6.8.jar;D:\programme\apache-maven-3.6.0\mvn_repository\org\springframework\spring-aop\5.0.2.RELEASE\spring-aop-5.0.2.RELEASE.jar;D:\programme\apache-maven-3.6.0\mvn_repository\org\springframework\spring-context\5.0.2.RELEASE\spring-context-5.0.2.RELEASE.jar;D:\programme\apache-maven-3.6.0\mvn_repository\org\springframework\spring-expression\5.0.2.RELEASE\spring-expression-5.0.2.RELEASE.jar;D:\programme\apache-maven-3.6.0\mvn_repository\org\springframework\spring-context-support\5.0.2.RELEASE\spring-context-support-5.0.2.RELEASE.jar;D:\programme\apache-maven-3.6.0\mvn_repository\org\springframework\spring-web\5.0.2.RELEASE\spring-web-5.0.2.RELEASE.jar;D:\programme\apache-maven-3.6.0\mvn_repository\org\springframework\spring-orm\5.0.2.RELEASE\spring-orm-5.0.2.RELEASE.jar;D:\programme\apache-maven-3.6.0\mvn_repository\org\springframework\spring-jdbc\5.0.2.RELEASE\spring-jdbc-5.0.2.RELEASE.jar;D:\programme\apache-maven-3.6.0\mvn_repository\org\springframework\spring-beans\5.0.2.RELEASE\spring-beans-5.0.2.RELEASE.jar;D:\programme\apache-maven-3.6.0\mvn_repository\org\springframework\spring-core\5.0.2.RELEASE\spring-core-5.0.2.RELEASE.jar;D:\programme\apache-maven-3.6.0\mvn_repository\org\springframework\spring-jcl\5.0.2.RELEASE\spring-jcl-5.0.2.RELEASE.jar;D:\programme\apache-maven-3.6.0\mvn_repository\org\springframework\spring-test\5.0.2.RELEASE\spring-test-5.0.2.RELEASE.jar;D:\programme\apache-maven-3.6.0\mvn_repository\org\springframework\spring-webmvc\5.0.2.RELEASE\spring-webmvc-5.0.2.RELEASE.jar;D:\programme\apache-maven-3.6.0\mvn_repository\org\springframework\spring-tx\5.0.2.RELEASE\spring-tx-5.0.2.RELEASE.jar;D:\programme\apache-maven-3.6.0\mvn_repository\javax\servlet\javax.servlet-api\3.1.0\javax.servlet-api-3.1.0.jar;D:\programme\apache-maven-3.6.0\mvn_repository\javax\servlet\jsp\jsp-api\2.0\jsp-api-2.0.jar;D:\programme\apache-maven-3.6.0\mvn_repository\jstl\jstl\1.2\jstl-1.2.jar;D:\programme\apache-maven-3.6.0\mvn_repository\log4j\log4j\1.2.12\log4j-1.2.12.jar;D:\programme\apache-maven-3.6.0\mvn_repository\org\slf4j\slf4j-api\1.6.6\slf4j-api-1.6.6.jar;D:\programme\apache-maven-3.6.0\mvn_repository\org\slf4j\slf4j-log4j12\1.6.6\slf4j-log4j12-1.6.6.jar;D:\programme\apache-maven-3.6.0\mvn_repository\org\mybatis\mybatis\3.4.5\mybatis-3.4.5.jar;D:\programme\apache-maven-3.6.0\mvn_repository\org\mybatis\mybatis-spring\1.3.0\mybatis-spring-1.3.0.jar;D:\programme\apache-maven-3.6.0\mvn_repository\c3p0\c3p0\0.9.1.2\c3p0-0.9.1.2.jar;D:\programme\apache-maven-3.6.0\mvn_repository\com\github\pagehelper\pagehelper\5.1.2\pagehelper-5.1.2.jar;D:\programme\apache-maven-3.6.0\mvn_repository\com\github\jsqlparser\jsqlparser\1.0\jsqlparser-1.0.jar;D:\programme\apache-maven-3.6.0\mvn_repository\org\springframework\security\spring-security-web\5.0.1.RELEASE\spring-security-web-5.0.1.RELEASE.jar;D:\programme\apache-maven-3.6.0\mvn_repository\org\springframework\security\spring-security-config\5.0.1.RELEASE\spring-security-config-5.0.1.RELEASE.jar;D:\programme\apache-maven-3.6.0\mvn_repository\org\springframework\security\spring-security-core\5.0.1.RELEASE\spring-security-core-5.0.1.RELEASE.jar;D:\programme\apache-maven-3.6.0\mvn_repository\org\springframework\security\spring-security-taglibs\5.0.1.RELEASE\spring-security-taglibs-5.0.1.RELEASE.jar;D:\programme\apache-maven-3.6.0\mvn_repository\org\springframework\security\spring-security-acl\5.0.1.RELEASE\spring-security-acl-5.0.1.RELEASE.jar;D:\programme\apache-maven-3.6.0\mvn_repository\com\oracle\ojdbc14\10.2.0.4.0\ojdbc14-10.2.0.4.0.jar;D:\programme\apache-maven-3.6.0\mvn_repository\javax\annotation\jsr250-api\1.0\jsr250-api-1.0.jar;, user.name=theth, java.vm.specification.version=1.8, sun.java.command=D:\Develop\ssm\ssm-dao\target\surefire\surefirebooter1420630116799734550.jar D:\Develop\ssm\ssm-dao\target\surefire\surefire6122907771097880618tmp D:\Develop\ssm\ssm-dao\target\surefire\surefire_08048132332704379057tmp, java.home=D:\programme\jdk1.8.0_201\jre, sun.arch.data.model=64, user.language=zh, java.specification.vendor=Oracle Corporation, awt.toolkit=sun.awt.windows.WToolkit, java.vm.info=mixed mode, java.version=1.8.0_201, java.ext.dirs=D:\programme\jdk1.8.0_201\jre\lib\ext;C:\Windows\Sun\Java\lib\ext, sun.boot.class.path=D:\programme\jdk1.8.0_201\jre\lib\resources.jar;D:\programme\jdk1.8.0_201\jre\lib\rt.jar;D:\programme\jdk1.8.0_201\jre\lib\sunrsasign.jar;D:\programme\jdk1.8.0_201\jre\lib\jsse.jar;D:\programme\jdk1.8.0_201\jre\lib\jce.jar;D:\programme\jdk1.8.0_201\jre\lib\charsets.jar;D:\programme\jdk1.8.0_201\jre\lib\jfr.jar;D:\programme\jdk1.8.0_201\jre\classes, java.vendor=Oracle Corporation, localRepository=D:\programme\apache-maven-3.6.0\mvn_repository, file.separator=\, java.vendor.url.bug=http://bugreport.sun.com/bugreport/, sun.io.unicode.encoding=UnicodeLittle, sun.cpu.endian=little, sun.desktop=windows, sun.cpu.isalist=amd64}}, SystemEnvironmentPropertySource@459848100 {name=&apos;systemEnvironment&apos;, properties={PATH=D:\programme\jdk-11.0.1\bin;D:\programme\apache-maven-3.6.0\bin;C:\Windows\system32;C:\Windows;C:\Windows\System32\Wbem;C:\Windows\System32\WindowsPowerShell\v1.0\;C:\Windows\System32\OpenSSH\;D:\programme\bin;D:\programme\MySQL\bin;D:\programme\Git\cmd;D:\programme\TortoiseGit\bin;C:\Users\theth\AppData\Local\Microsoft\WindowsApps;, USERDOMAIN_ROAMINGPROFILE=DESKTOP-NJBTRFO, LOCALAPPDATA=C:\Users\theth\AppData\Local, PROCESSOR_LEVEL=6, SYSTEMDRIVE=C:, COMMONPROGRAMFILES(X86)=C:\Program Files (x86)\Common Files, USERDOMAIN=DESKTOP-NJBTRFO, FPS_BROWSER_APP_PROFILE_STRING=Internet Explorer, LOGONSERVER=\\DESKTOP-NJBTRFO, JAVA_HOME=D:\programme\jdk-11.0.1, PROMPT=$P$G, SESSIONNAME=Console, ALLUSERSPROFILE=C:\ProgramData, PROGRAMFILES(X86)=C:\Program Files (x86), PROCESSOR_ARCHITECTURE=AMD64, TNS_ADMIN=D:\programme\PLSQLDeveloper\mysetting, DRIVERDATA=C:\Windows\System32\Drivers\DriverData, MAVEN_HOME=D:\programme\apache-maven-3.6.0, PROGRAMFILES=C:\Program Files, APPDATA=C:\Users\theth\AppData\Roaming, PSMODULEPATH=C:\Program Files\WindowsPowerShell\Modules;C:\Windows\system32\WindowsPowerShell\v1.0\Modules, PROGRAMW6432=C:\Program Files, PROGRAMDATA=C:\ProgramData, SYSTEMROOT=C:\Windows, USERNAME=theth, FPS_BROWSER_USER_PROFILE_STRING=Default, ONEDRIVE=C:\Users\theth\OneDrive, PATHEXT=.COM;.EXE;.BAT;.CMD;.VBS;.VBE;.JS;.JSE;.WSF;.WSH;.MSC, OS=Windows_NT, COMMONPROGRAMW6432=C:\Program Files\Common Files, COMPUTERNAME=DESKTOP-NJBTRFO, ONEDRIVECONSUMER=C:\Users\theth\OneDrive, COMMONPROGRAMFILES=C:\Program Files\Common Files, COMSPEC=C:\Windows\system32\cmd.exe, PROCESSOR_REVISION=3d04, NLS_LANG=AMERICAN_AMERICA.ZHS16GBK, WINDIR=C:\Windows, =D:=D:\Develop\ssm\ssm-dao, HOMEPATH=\Users\theth, TEMP=C:\Users\theth\AppData\Local\Temp, HOMEDRIVE=C:, PROCESSOR_IDENTIFIER=Intel64 Family 6 Model 61 Stepping 4, GenuineIntel, USERPROFILE=C:\Users\theth, TMP=C:\Users\theth\AppData\Local\Temp, PUBLIC=C:\Users\Public, NUMBER_OF_PROCESSORS=4, =::=::\}}]
2019-07-14 14:30:36,685 512    [           main] DEBUG atchingResourcePatternResolver  - Resolved classpath location [com/itheima/ssm/dao/] to resources [URL [file:/D:/Develop/ssm/ssm-dao/target/classes/com/itheima/ssm/dao/]]
2019-07-14 14:30:36,686 513    [           main] DEBUG atchingResourcePatternResolver  - Looking for matching resources in directory tree [D:\Develop\ssm\ssm-dao\target\classes\com\itheima\ssm\dao]
2019-07-14 14:30:36,687 514    [           main] DEBUG atchingResourcePatternResolver  - Searching directory [D:\Develop\ssm\ssm-dao\target\classes\com\itheima\ssm\dao] for files matching pattern [D:/Develop/ssm/ssm-dao/target/classes/com/itheima/ssm/dao/**/*.class]
2019-07-14 14:30:36,695 522    [           main] DEBUG atchingResourcePatternResolver  - Resolved location pattern [classpath*:com/itheima/ssm/dao/**/*.class] to resources [file [D:\Develop\ssm\ssm-dao\target\classes\com\itheima\ssm\dao\ProductDao.class]]
2019-07-14 14:30:36,752 579    [           main] DEBUG .mapper.ClassPathMapperScanner  - Identified candidate component class: file [D:\Develop\ssm\ssm-dao\target\classes\com\itheima\ssm\dao\ProductDao.class]
2019-07-14 14:30:36,756 583    [           main] DEBUG .mapper.ClassPathMapperScanner  - Creating MapperFactoryBean with name &apos;productDao&apos; and &apos;com.itheima.ssm.dao.ProductDao&apos; mapperInterface
2019-07-14 14:30:36,758 585    [           main] DEBUG .mapper.ClassPathMapperScanner  - Enabling autowire by type for MapperFactoryBean with name &apos;productDao&apos;.
2019-07-14 14:30:36,778 605    [           main] DEBUG ort.DefaultListableBeanFactory  - Creating shared instance of singleton bean &apos;org.springframework.context.annotation.internalConfigurationAnnotationProcessor&apos;
2019-07-14 14:30:36,778 605    [           main] DEBUG ort.DefaultListableBeanFactory  - Creating instance of bean &apos;org.springframework.context.annotation.internalConfigurationAnnotationProcessor&apos;
2019-07-14 14:30:36,780 607    [           main] DEBUG ort.DefaultListableBeanFactory  - Eagerly caching bean &apos;org.springframework.context.annotation.internalConfigurationAnnotationProcessor&apos; to allow for resolving potential circular references
2019-07-14 14:30:36,780 607    [           main] DEBUG ort.DefaultListableBeanFactory  - Finished creating instance of bean &apos;org.springframework.context.annotation.internalConfigurationAnnotationProcessor&apos;
2019-07-14 14:30:36,809 636    [           main] DEBUG ort.DefaultListableBeanFactory  - Creating shared instance of singleton bean &apos;org.springframework.context.support.PropertySourcesPlaceholderConfigurer#0&apos;
2019-07-14 14:30:36,809 636    [           main] DEBUG ort.DefaultListableBeanFactory  - Creating instance of bean &apos;org.springframework.context.support.PropertySourcesPlaceholderConfigurer#0&apos;
2019-07-14 14:30:36,810 637    [           main] DEBUG ort.DefaultListableBeanFactory  - Eagerly caching bean &apos;org.springframework.context.support.PropertySourcesPlaceholderConfigurer#0&apos; to allow for resolving potential circular references
2019-07-14 14:30:36,831 658    [           main] DEBUG ort.DefaultListableBeanFactory  - Finished creating instance of bean &apos;org.springframework.context.support.PropertySourcesPlaceholderConfigurer#0&apos;
2019-07-14 14:30:36,832 659    [           main] DEBUG ore.env.MutablePropertySources  - Adding PropertySource &apos;environmentProperties&apos; with lowest search precedence
2019-07-14 14:30:36,832 659    [           main] DEBUG tySourcesPlaceholderConfigurer  - Loading properties file from class path resource [db.properties]
2019-07-14 14:30:36,832 659    [           main] DEBUG ore.env.MutablePropertySources  - Adding PropertySource &apos;localProperties&apos; with lowest search precedence
2019-07-14 14:30:36,834 661    [           main] DEBUG ropertySourcesPropertyResolver  - Could not find key &apos;jdbc.driverClass&apos; in any property source
2019-07-14 14:30:36,834 661    [           main] DEBUG ropertySourcesPropertyResolver  - Found key &apos;jdbc.driverClass&apos; in PropertySource &apos;localProperties&apos; with value of type String
2019-07-14 14:30:36,834 661    [           main] DEBUG ropertySourcesPropertyResolver  - Could not find key &apos;jdbc.url&apos; in any property source
2019-07-14 14:30:36,835 662    [           main] DEBUG ropertySourcesPropertyResolver  - Found key &apos;jdbc.url&apos; in PropertySource &apos;localProperties&apos; with value of type String
2019-07-14 14:30:36,835 662    [           main] DEBUG ropertySourcesPropertyResolver  - Could not find key &apos;jdbc.username&apos; in any property source
2019-07-14 14:30:36,835 662    [           main] DEBUG ropertySourcesPropertyResolver  - Found key &apos;jdbc.username&apos; in PropertySource &apos;localProperties&apos; with value of type String
2019-07-14 14:30:36,835 662    [           main] DEBUG ropertySourcesPropertyResolver  - Could not find key &apos;jdbc.password&apos; in any property source
2019-07-14 14:30:36,835 662    [           main] DEBUG ropertySourcesPropertyResolver  - Found key &apos;jdbc.password&apos; in PropertySource &apos;localProperties&apos; with value of type String
2019-07-14 14:30:36,838 665    [           main] DEBUG ort.DefaultListableBeanFactory  - Creating shared instance of singleton bean &apos;org.springframework.context.annotation.internalAutowiredAnnotationProcessor&apos;
2019-07-14 14:30:36,838 665    [           main] DEBUG ort.DefaultListableBeanFactory  - Creating instance of bean &apos;org.springframework.context.annotation.internalAutowiredAnnotationProcessor&apos;
2019-07-14 14:30:36,840 667    [           main] DEBUG ort.DefaultListableBeanFactory  - Eagerly caching bean &apos;org.springframework.context.annotation.internalAutowiredAnnotationProcessor&apos; to allow for resolving potential circular references
2019-07-14 14:30:36,851 678    [           main] DEBUG ort.DefaultListableBeanFactory  - Finished creating instance of bean &apos;org.springframework.context.annotation.internalAutowiredAnnotationProcessor&apos;
2019-07-14 14:30:36,851 678    [           main] DEBUG ort.DefaultListableBeanFactory  - Creating shared instance of singleton bean &apos;org.springframework.context.annotation.internalRequiredAnnotationProcessor&apos;
2019-07-14 14:30:36,851 678    [           main] DEBUG ort.DefaultListableBeanFactory  - Creating instance of bean &apos;org.springframework.context.annotation.internalRequiredAnnotationProcessor&apos;
2019-07-14 14:30:36,852 679    [           main] DEBUG ort.DefaultListableBeanFactory  - Eagerly caching bean &apos;org.springframework.context.annotation.internalRequiredAnnotationProcessor&apos; to allow for resolving potential circular references
2019-07-14 14:30:36,858 685    [           main] DEBUG ort.DefaultListableBeanFactory  - Finished creating instance of bean &apos;org.springframework.context.annotation.internalRequiredAnnotationProcessor&apos;
2019-07-14 14:30:36,860 687    [           main] DEBUG ort.DefaultListableBeanFactory  - Creating shared instance of singleton bean &apos;org.springframework.context.annotation.internalCommonAnnotationProcessor&apos;
2019-07-14 14:30:36,861 688    [           main] DEBUG ort.DefaultListableBeanFactory  - Creating instance of bean &apos;org.springframework.context.annotation.internalCommonAnnotationProcessor&apos;
2019-07-14 14:30:36,865 692    [           main] DEBUG ort.DefaultListableBeanFactory  - Eagerly caching bean &apos;org.springframework.context.annotation.internalCommonAnnotationProcessor&apos; to allow for resolving potential circular references
2019-07-14 14:30:36,874 701    [           main] DEBUG ort.DefaultListableBeanFactory  - Finished creating instance of bean &apos;org.springframework.context.annotation.internalCommonAnnotationProcessor&apos;
2019-07-14 14:30:36,877 704    [           main] DEBUG ClassPathXmlApplicationContext  - Unable to locate MessageSource with name &apos;messageSource&apos;: using default [org.springframework.context.support.DelegatingMessageSource@7f552bd3]
2019-07-14 14:30:36,880 707    [           main] DEBUG ClassPathXmlApplicationContext  - Unable to locate ApplicationEventMulticaster with name &apos;applicationEventMulticaster&apos;: using default [org.springframework.context.event.SimpleApplicationEventMulticaster@6af93788]
2019-07-14 14:30:36,881 708    [           main] DEBUG ort.DefaultListableBeanFactory  - Pre-instantiating singletons in org.springframework.beans.factory.support.DefaultListableBeanFactory@27f723: defining beans [org.springframework.context.support.PropertySourcesPlaceholderConfigurer#0,dataSource,org.mybatis.spring.SqlSessionFactoryBean#0,org.mybatis.spring.mapper.MapperScannerConfigurer#0,productDao,org.springframework.context.annotation.internalConfigurationAnnotationProcessor,org.springframework.context.annotation.internalAutowiredAnnotationProcessor,org.springframework.context.annotation.internalRequiredAnnotationProcessor,org.springframework.context.annotation.internalCommonAnnotationProcessor,org.springframework.context.event.internalEventListenerProcessor,org.springframework.context.event.internalEventListenerFactory]; root of factory hierarchy
2019-07-14 14:30:36,881 708    [           main] DEBUG ort.DefaultListableBeanFactory  - Returning cached instance of singleton bean &apos;org.springframework.context.support.PropertySourcesPlaceholderConfigurer#0&apos;
2019-07-14 14:30:36,881 708    [           main] DEBUG ort.DefaultListableBeanFactory  - Creating shared instance of singleton bean &apos;dataSource&apos;
2019-07-14 14:30:36,881 708    [           main] DEBUG ort.DefaultListableBeanFactory  - Creating instance of bean &apos;dataSource&apos;
2019-07-14 14:30:36,906 733    [           main] INFO         com.mchange.v2.log.MLog  - MLog clients using log4j logging.
2019-07-14 14:30:37,746 1573   [           main] INFO  m.mchange.v2.c3p0.C3P0Registry  - Initializing c3p0-0.9.1.2 [built 21-May-2007 15:04:56; debug? true; trace: 10]
[...]
	at oracle.jdbc.driver.DatabaseError.throwSqlException(DatabaseError.java:255)
	at oracle.jdbc.driver.T4CConnection.logon(T4CConnection.java:387)
	at oracle.jdbc.driver.PhysicalConnection.&lt;init&gt;(PhysicalConnection.java:414)
	at oracle.jdbc.driver.T4CConnection.&lt;init&gt;(T4CConnection.java:165)
	at oracle.jdbc.driver.T4CDriverExtension.getConnection(T4CDriverExtension.java:35)
	at oracle.jdbc.driver.OracleDriver.connect(OracleDriver.java:801)
	at com.mchange.v2.c3p0.DriverManagerDataSource.getConnection(DriverManagerDataSource.java:134)
	at com.mchange.v2.c3p0.WrapperConnectionPoolDataSource.getPooledConnection(WrapperConnectionPoolDataSource.java:182)
	at com.mchange.v2.c3p0.WrapperConnectionPoolDataSource.getPooledConnection(WrapperConnectionPoolDataSource.java:171)
	at com.mchange.v2.c3p0.impl.C3P0PooledConnectionPool$1PooledConnectionResourcePoolManager.acquireResource(C3P0PooledConnectionPool.java:137)
	at com.mchange.v2.resourcepool.BasicResourcePool.doAcquire(BasicResourcePool.java:1014)
	at com.mchange.v2.resourcepool.BasicResourcePool.access$800(BasicResourcePool.java:32)
	at com.mchange.v2.resourcepool.BasicResourcePool$AcquireTask.run(BasicResourcePool.java:1810)
	at com.mchange.v2.async.ThreadPoolAsynchronousRunner$PoolThread.run(ThreadPoolAsynchronousRunner.java:547)
2019-07-14 14:41:16,200 640027 [r$PoolThread-#2] DEBUG resourcepool.BasicResourcePool  - An exception occurred while acquiring a poolable resource. Will retry.
java.sql.SQLException: Io �쳣: The Network Adapter could not establish the connection
	at oracle.jdbc.driver.DatabaseError.throwSqlException(DatabaseError.java:112)
	at oracle.jdbc.driver.DatabaseError.throwSqlException(DatabaseError.java:146)
	at oracle.jdbc.driver.DatabaseError.throwSqlException(DatabaseError.java:255)
	at oracle.jdbc.driver.T4CConnection.logon(T4CConnection.java:387)
	at oracle.jdbc.driver.PhysicalConnection.&lt;init&gt;(PhysicalConnection.java:414)
	at oracle.jdbc.driver.T4CConnection.&lt;init&gt;(T4CConnection.java:165)
	at oracle.jdbc.driver.T4CDriverExtension.getConnection(T4CDriverExtension.java:35)
	at oracle.jdbc.driver.OracleDriver.connect(OracleDriver.java:801)
	at com.mchange.v2.c3p0.DriverManagerDataSource.getConnection(DriverManagerDataSource.java:134)
	at com.mchange.v2.c3p0.WrapperConnectionPoolDataSource.getPooledConnection(WrapperConnectionPoolDataSource.java:182)
	at com.mchange.v2.c3p0.WrapperConnectionPoolDataSource.getPooledConnection(WrapperConnectionPoolDataSource.java:171)
	at com.mchange.v2.c3p0.impl.C3P0PooledConnectionPool$1PooledConnectionResourcePoolManager.acquireResource(C3P0PooledConnectionPool.java:137)
	at com.mchange.v2.resourcepool.BasicResourcePool.doAcquire(BasicResourcePool.java:1014)
	at com.mchange.v2.resourcepool.BasicResourcePool.access$800(BasicResourcePool.java:32)
	at com.mchange.v2.resourcepool.BasicResourcePool$AcquireTask.run(BasicResourcePool.java:1810)
	at com.mchange.v2.async.ThreadPoolAsynchronousRunner$PoolThread.run(ThreadPoolAsynchronousRunner.java:547)
2019-07-14 14:41:38,221 662048 [r$PoolThread-#0] DEBUG resourcepool.BasicResourcePool  - An exception occurred while acquiring a poolable resource. Will retry.
java.sql.SQLException: Io �쳣: The Network Adapter could not establish the connection
	at oracle.jdbc.driver.DatabaseError.throwSqlException(DatabaseError.java:112)
	at oracle.jdbc.driver.DatabaseError.throwSqlException(DatabaseError.java:146)
	at oracle.jdbc.driver.DatabaseError.throwSqlException(DatabaseError.java:255)
	at oracle.jdbc.driver.T4CConnection.logon(T4CConnection.java:387)
	at oracle.jdbc.driver.PhysicalConnection.&lt;init&gt;(PhysicalConnection.java:414)
	at oracle.jdbc.driver.T4CConnection.&lt;init&gt;(T4CConnection.java:165)
	at oracle.jdbc.driver.T4CDriverExtension.getConnection(T4CDriverExtension.java:35)
	at oracle.jdbc.driver.OracleDriver.connect(OracleDriver.java:801)
	at com.mchange.v2.c3p0.DriverManagerDataSource.getConnection(DriverManagerDataSource.java:134)
	at com.mchange.v2.c3p0.WrapperConnectionPoolDataSource.getPooledConnection(WrapperConnectionPoolDataSource.java:182)
	at com.mchange.v2.c3p0.WrapperConnectionPoolDataSource.getPooledConnection(WrapperConnectionPoolDataSource.java:171)
	at com.mchange.v2.c3p0.impl.C3P0PooledConnectionPool$1PooledConnectionResourcePoolManager.acquireResource(C3P0PooledConnectionPool.java:137)
	at com.mchange.v2.resourcepool.BasicResourcePool.doAcquire(BasicResourcePool.java:1014)
	at com.mchange.v2.resourcepool.BasicResourcePool.access$800(BasicResourcePool.java:32)
	at com.mchange.v2.resourcepool.BasicResourcePool$AcquireTask.run(BasicResourcePool.java:1810)
	at com.mchange.v2.async.ThreadPoolAsynchronousRunner$PoolThread.run(ThreadPoolAsynchronousRunner.java:547)
2019-07-14 14:41:38,221 662048 [r$PoolThread-#1] DEBUG resourcepool.BasicResourcePool  - An exception occurred while acquiring a poolable resource. Will retry.
java.sql.SQLException: Io �쳣: The Network Adapter could not establish the connection
	at oracle.jdbc.driver.DatabaseError.throwSqlException(DatabaseError.java:112)
	at oracle.jdbc.driver.DatabaseError.throwSqlException(DatabaseError.java:146)
	at oracle.jdbc.driver.DatabaseError.throwSqlException(DatabaseError.java:255)
	at oracle.jdbc.driver.T4CConnection.logon(T4CConnection.java:387)
	at oracle.jdbc.driver.PhysicalConnection.&lt;init&gt;(PhysicalConnection.java:414)
	at oracle.jdbc.driver.T4CConnection.&lt;init&gt;(T4CConnection.java:165)
	at oracle.jdbc.driver.T4CDriverExtension.getConnection(T4CDriverExtension.java:35)
	at oracle.jdbc.driver.OracleDriver.connect(OracleDriver.java:801)
	at com.mchange.v2.c3p0.DriverManagerDataSource.getConnection(DriverManagerDataSource.java:134)
	at com.mchange.v2.c3p0.WrapperConnectionPoolDataSource.getPooledConnection(WrapperConnectionPoolDataSource.java:182)
	at com.mchange.v2.c3p0.WrapperConnectionPoolDataSource.getPooledConnection(WrapperConnectionPoolDataSource.java:171)
	at com.mchange.v2.c3p0.impl.C3P0PooledConnectionPool$1PooledConnectionResourcePoolManager.acquireResource(C3P0PooledConnectionPool.java:137)
	at com.mchange.v2.resourcepool.BasicResourcePool.doAcquire(BasicResourcePool.java:1014)
	at com.mchange.v2.resourcepool.BasicResourcePool.access$800(BasicResourcePool.java:32)
	at com.mchange.v2.resourcepool.BasicResourcePool$AcquireTask.run(BasicResourcePool.java:1810)
	at com.mchange.v2.async.ThreadPoolAsynchronousRunner$PoolThread.run(ThreadPoolAsynchronousRunner.java:547)
2019-07-14 14:41:38,221 662048 [r$PoolThread-#2] DEBUG resourcepool.BasicResourcePool  - An exception occurred while acquiring a poolable resource. Will retry.
java.sql.SQLException: Io �쳣: The Network Adapter could not establish the connection
	at oracle.jdbc.driver.DatabaseError.throwSqlException(DatabaseError.java:112)
	at oracle.jdbc.driver.DatabaseError.throwSqlException(DatabaseError.java:146)
	at oracle.jdbc.driver.DatabaseError.throwSqlException(DatabaseError.java:255)
	at oracle.jdbc.driver.T4CConnection.logon(T4CConnection.java:387)
	at oracle.jdbc.driver.PhysicalConnection.&lt;init&gt;(PhysicalConnection.java:414)
	at oracle.jdbc.driver.T4CConnection.&lt;init&gt;(T4CConnection.java:165)
	at oracle.jdbc.driver.T4CDriverExtension.getConnection(T4CDriverExtension.java:35)
	at oracle.jdbc.driver.OracleDriver.connect(OracleDriver.java:801)
	at com.mchange.v2.c3p0.DriverManagerDataSource.getConnection(DriverManagerDataSource.java:134)
	at com.mchange.v2.c3p0.WrapperConnectionPoolDataSource.getPooledConnection(WrapperConnectionPoolDataSource.java:182)
	at com.mchange.v2.c3p0.WrapperConnectionPoolDataSource.getPooledConnection(WrapperConnectionPoolDataSource.java:171)
	at com.mchange.v2.c3p0.impl.C3P0PooledConnectionPool$1PooledConnectionResourcePoolManager.acquireResource(C3P0PooledConnectionPool.java:137)
	at com.mchange.v2.resourcepool.BasicResourcePool.doAcquire(BasicResourcePool.java:1014)
	at com.mchange.v2.resourcepool.BasicResourcePool.access$800(BasicResourcePool.java:32)
	at com.mchange.v2.resourcepool.BasicResourcePool$AcquireTask.run(BasicResourcePool.java:1810)
	at com.mchange.v2.async.ThreadPoolAsynchronousRunner$PoolThread.run(ThreadPoolAsynchronousRunner.java:547)
2019-07-14 14:41:38,222 662049 [r$PoolThread-#1] WARN  resourcepool.BasicResourcePool  - com.mchange.v2.resourcepool.BasicResourcePool$AcquireTask@7f3fd346 -- Acquisition Attempt Failed!!! Clearing pending acquires. While trying to acquire a needed new resource, we failed to succeed more than the maximum number of allowed acquisition attempts (30). Last acquisition attempt exception: 
java.sql.SQLException: Io �쳣: The Network Adapter could not establish the connection
	at oracle.jdbc.driver.DatabaseError.throwSqlException(DatabaseError.java:112)
	at oracle.jdbc.driver.DatabaseError.throwSqlException(DatabaseError.java:146)
	at oracle.jdbc.driver.DatabaseError.throwSqlException(DatabaseError.java:255)
	at oracle.jdbc.driver.T4CConnection.logon(T4CConnection.java:387)
	at oracle.jdbc.driver.PhysicalConnection.&lt;init&gt;(PhysicalConnection.java:414)
	at oracle.jdbc.driver.T4CConnection.&lt;init&gt;(T4CConnection.java:165)
	at oracle.jdbc.driver.T4CDriverExtension.getConnection(T4CDriverExtension.java:35)
	at oracle.jdbc.driver.OracleDriver.connect(OracleDriver.java:801)
	at com.mchange.v2.c3p0.DriverManagerDataSource.getConnection(DriverManagerDataSource.java:134)
	at com.mchange.v2.c3p0.WrapperConnectionPoolDataSource.getPooledConnection(WrapperConnectionPoolDataSource.java:182)
	at com.mchange.v2.c3p0.WrapperConnectionPoolDataSource.getPooledConnection(WrapperConnectionPoolDataSource.java:171)
	at com.mchange.v2.c3p0.impl.C3P0PooledConnectionPool$1PooledConnectionResourcePoolManager.acquireResource(C3P0PooledConnectionPool.java:137)
	at com.mchange.v2.resourcepool.BasicResourcePool.doAcquire(BasicResourcePool.java:1014)
	at com.mchange.v2.resourcepool.BasicResourcePool.access$800(BasicResourcePool.java:32)
	at com.mchange.v2.resourcepool.BasicResourcePool$AcquireTask.run(BasicResourcePool.java:1810)
	at com.mchange.v2.async.ThreadPoolAsynchronousRunner$PoolThread.run(ThreadPoolAsynchronousRunner.java:547)
2019-07-14 14:41:38,221 662048 [r$PoolThread-#0] WARN  resourcepool.BasicResourcePool  - com.mchange.v2.resourcepool.BasicResourcePool$AcquireTask@275305e7 -- Acquisition Attempt Failed!!! Clearing pending acquires. While trying to acquire a needed new resource, we failed to succeed more than the maximum number of allowed acquisition attempts (30). Last acquisition attempt exception: 
java.sql.SQLException: Io �쳣: The Network Adapter could not establish the connection
	at oracle.jdbc.driver.DatabaseError.throwSqlException(DatabaseError.java:112)
	at oracle.jdbc.driver.DatabaseError.throwSqlException(DatabaseError.java:146)
	at oracle.jdbc.driver.DatabaseError.throwSqlException(DatabaseError.java:255)
	at oracle.jdbc.driver.T4CConnection.logon(T4CConnection.java:387)
	at oracle.jdbc.driver.PhysicalConnection.&lt;init&gt;(PhysicalConnection.java:414)
	at oracle.jdbc.driver.T4CConnection.&lt;init&gt;(T4CConnection.java:165)
	at oracle.jdbc.driver.T4CDriverExtension.getConnection(T4CDriverExtension.java:35)
	at oracle.jdbc.driver.OracleDriver.connect(OracleDriver.java:801)
	at com.mchange.v2.c3p0.DriverManagerDataSource.getConnection(DriverManagerDataSource.java:134)
	at com.mchange.v2.c3p0.WrapperConnectionPoolDataSource.getPooledConnection(WrapperConnectionPoolDataSource.java:182)
	at com.mchange.v2.c3p0.WrapperConnectionPoolDataSource.getPooledConnection(WrapperConnectionPoolDataSource.java:171)
	at com.mchange.v2.c3p0.impl.C3P0PooledConnectionPool$1PooledConnectionResourcePoolManager.acquireResource(C3P0PooledConnectionPool.java:137)
	at com.mchange.v2.resourcepool.BasicResourcePool.doAcquire(BasicResourcePool.java:1014)
	at com.mchange.v2.resourcepool.BasicResourcePool.access$800(BasicResourcePool.java:32)
	at com.mchange.v2.resourcepool.BasicResourcePool$AcquireTask.run(BasicResourcePool.java:1810)
	at com.mchange.v2.async.ThreadPoolAsynchronousRunner$PoolThread.run(ThreadPoolAsynchronousRunner.java:547)
2019-07-14 14:41:38,222 662049 [r$PoolThread-#2] WARN  resourcepool.BasicResourcePool  - com.mchange.v2.resourcepool.BasicResourcePool$AcquireTask@28aeff1f -- Acquisition Attempt Failed!!! Clearing pending acquires. While trying to acquire a needed new resource, we failed to succeed more than the maximum number of allowed acquisition attempts (30). Last acquisition attempt exception: 
java.sql.SQLException: Io �쳣: The Network Adapter could not establish the connection
	at oracle.jdbc.driver.DatabaseError.throwSqlException(DatabaseError.java:112)
	at oracle.jdbc.driver.DatabaseError.throwSqlException(DatabaseError.java:146)
	at oracle.jdbc.driver.DatabaseError.throwSqlException(DatabaseError.java:255)
	at oracle.jdbc.driver.T4CConnection.logon(T4CConnection.java:387)
	at oracle.jdbc.driver.PhysicalConnection.&lt;init&gt;(PhysicalConnection.java:414)
	at oracle.jdbc.driver.T4CConnection.&lt;init&gt;(T4CConnection.java:165)
	at oracle.jdbc.driver.T4CDriverExtension.getConnection(T4CDriverExtension.java:35)
	at oracle.jdbc.driver.OracleDriver.connect(OracleDriver.java:801)
	at com.mchange.v2.c3p0.DriverManagerDataSource.getConnection(DriverManagerDataSource.java:134)
	at com.mchange.v2.c3p0.WrapperConnectionPoolDataSource.getPooledConnection(WrapperConnectionPoolDataSource.java:182)
	at com.mchange.v2.c3p0.WrapperConnectionPoolDataSource.getPooledConnection(WrapperConnectionPoolDataSource.java:171)
	at com.mchange.v2.c3p0.impl.C3P0PooledConnectionPool$1PooledConnectionResourcePoolManager.acquireResource(C3P0PooledConnectionPool.java:137)
	at com.mchange.v2.resourcepool.BasicResourcePool.doAcquire(BasicResourcePool.java:1014)
	at com.mchange.v2.resourcepool.BasicResourcePool.access$800(BasicResourcePool.java:32)
	at com.mchange.v2.resourcepool.BasicResourcePool$AcquireTask.run(BasicResourcePool.java:1810)
	at com.mchange.v2.async.ThreadPoolAsynchronousRunner$PoolThread.run(ThreadPoolAsynchronousRunner.java:547)
2019-07-14 14:41:38,224 662051 [r$PoolThread-#1] DEBUG resourcepool.BasicResourcePool  - decremented pending_acquires: 2
2019-07-14 14:41:38,224 662051 [r$PoolThread-#0] DEBUG resourcepool.BasicResourcePool  - decremented pending_acquires: 1
2019-07-14 14:41:38,224 662051 [r$PoolThread-#2] DEBUG resourcepool.BasicResourcePool  - decremented pending_acquires: 0
2019-07-14 14:41:38,228 662055 [           main] DEBUG    com.mchange.v2.sql.SqlUtils  - Converting Throwable to SQLException...
com.mchange.v2.resourcepool.CannotAcquireResourceException: A ResourcePool could not acquire a resource from its primary factory or source.
	at com.mchange.v2.resourcepool.BasicResourcePool.awaitAvailable(BasicResourcePool.java:1319)
	at com.mchange.v2.resourcepool.BasicResourcePool.prelimCheckoutResource(BasicResourcePool.java:557)
	at com.mchange.v2.resourcepool.BasicResourcePool.checkoutResource(BasicResourcePool.java:477)
	at com.mchange.v2.c3p0.impl.C3P0PooledConnectionPool.checkoutPooledConnection(C3P0PooledConnectionPool.java:525)
	at com.mchange.v2.c3p0.impl.AbstractPoolBackedDataSource.getConnection(AbstractPoolBackedDataSource.java:128)
	at org.springframework.jdbc.datasource.DataSourceUtils.fetchConnection(DataSourceUtils.java:151)
	at org.springframework.jdbc.datasource.DataSourceUtils.doGetConnection(DataSourceUtils.java:115)
	at org.springframework.jdbc.datasource.DataSourceUtils.getConnection(DataSourceUtils.java:78)
	at org.mybatis.spring.transaction.SpringManagedTransaction.openConnection(SpringManagedTransaction.java:84)
	at org.mybatis.spring.transaction.SpringManagedTransaction.getConnection(SpringManagedTransaction.java:70)
	at org.apache.ibatis.executor.BaseExecutor.getConnection(BaseExecutor.java:336)
	at org.apache.ibatis.executor.SimpleExecutor.prepareStatement(SimpleExecutor.java:84)
	at org.apache.ibatis.executor.SimpleExecutor.doQuery(SimpleExecutor.java:62)
	at org.apache.ibatis.executor.BaseExecutor.queryFromDatabase(BaseExecutor.java:324)
	at org.apache.ibatis.executor.BaseExecutor.query(BaseExecutor.java:156)
	at org.apache.ibatis.executor.CachingExecutor.query(CachingExecutor.java:109)
	at org.apache.ibatis.executor.CachingExecutor.query(CachingExecutor.java:83)
	at org.apache.ibatis.session.defaults.DefaultSqlSession.selectList(DefaultSqlSession.java:148)
	at org.apache.ibatis.session.defaults.DefaultSqlSession.selectList(DefaultSqlSession.java:141)
	at sun.reflect.NativeMethodAccessorImpl.invoke0(Native Method)
	at sun.reflect.NativeMethodAccessorImpl.invoke(NativeMethodAccessorImpl.java:62)
	at sun.reflect.DelegatingMethodAccessorImpl.invoke(DelegatingMethodAccessorImpl.java:43)
	at java.lang.reflect.Method.invoke(Method.java:498)
	at org.mybatis.spring.SqlSessionTemplate$SqlSessionInterceptor.invoke(SqlSessionTemplate.java:434)
	at com.sun.proxy.$Proxy12.selectList(Unknown Source)
	at org.mybatis.spring.SqlSessionTemplate.selectList(SqlSessionTemplate.java:231)
	at org.apache.ibatis.binding.MapperMethod.executeForMany(MapperMethod.java:137)
	at org.apache.ibatis.binding.MapperMethod.execute(MapperMethod.java:75)
	at org.apache.ibatis.binding.MapperProxy.invoke(MapperProxy.java:59)
	at com.sun.proxy.$Proxy14.findAll(Unknown Source)
	at com.itheima.test.ProductDaoTest.test1(ProductDaoTest.java:16)
	at sun.reflect.NativeMethodAccessorImpl.invoke0(Native Method)
	at sun.reflect.NativeMethodAccessorImpl.invoke(NativeMethodAccessorImpl.java:62)
	at sun.reflect.DelegatingMethodAccessorImpl.invoke(DelegatingMethodAccessorImpl.java:43)
	at java.lang.reflect.Method.invoke(Method.java:498)
	at org.junit.runners.model.FrameworkMethod$1.runReflectiveCall(FrameworkMethod.java:50)
	at org.junit.internal.runners.model.ReflectiveCallable.run(ReflectiveCallable.java:12)
	at org.junit.runners.model.FrameworkMethod.invokeExplosively(FrameworkMethod.java:47)
	at org.junit.internal.runners.statements.InvokeMethod.evaluate(InvokeMethod.java:17)
	at org.junit.runners.ParentRunner.runLeaf(ParentRunner.java:325)
	at org.junit.runners.BlockJUnit4ClassRunner.runChild(BlockJUnit4ClassRunner.java:78)
	at org.junit.runners.BlockJUnit4ClassRunner.runChild(BlockJUnit4ClassRunner.java:57)
	at org.junit.runners.ParentRunner$3.run(ParentRunner.java:290)
	at org.junit.runners.ParentRunner$1.schedule(ParentRunner.java:71)
	at org.junit.runners.ParentRunner.runChildren(ParentRunner.java:288)
	at org.junit.runners.ParentRunner.access$000(ParentRunner.java:58)
	at org.junit.runners.ParentRunner$2.evaluate(ParentRunner.java:268)
	at org.junit.runners.ParentRunner.run(ParentRunner.java:363)
	at org.apache.maven.surefire.junit4.JUnit4Provider.execute(JUnit4Provider.java:252)
	at org.apache.maven.surefire.junit4.JUnit4Provider.executeTestSet(JUnit4Provider.java:141)
	at org.apache.maven.surefire.junit4.JUnit4Provider.invoke(JUnit4Provider.java:112)
	at sun.reflect.NativeMethodAccessorImpl.invoke0(Native Method)
	at sun.reflect.NativeMethodAccessorImpl.invoke(NativeMethodAccessorImpl.java:62)
	at sun.reflect.DelegatingMethodAccessorImpl.invoke(DelegatingMethodAccessorImpl.java:43)
	at java.lang.reflect.Method.invoke(Method.java:498)
	at org.apache.maven.surefire.util.ReflectionUtils.invokeMethodWithArray(ReflectionUtils.java:189)
	at org.apache.maven.surefire.booter.ProviderFactory$ProviderProxy.invoke(ProviderFactory.java:165)
	at org.apache.maven.surefire.booter.ProviderFactory.invokeProvider(ProviderFactory.java:85)
	at org.apache.maven.surefire.booter.ForkedBooter.runSuitesInProcess(ForkedBooter.java:115)
	at org.apache.maven.surefire.booter.ForkedBooter.main(ForkedBooter.java:75)
2019-07-14 14:41:38,230 662057 [           main] DEBUG mybatis.spring.SqlSessionUtils  - Closing non transactional SqlSession [org.apache.ibatis.session.defaults.DefaultSqlSession@d9345cd]
</system-out>
    <system-err>log4j:ERROR Could not find value for key log4j.appender.LOGFILE
log4j:ERROR Could not instantiate appender named &quot;LOGFILE&quot;.
</system-err>
  </testcase>
</testsuite>